<?xml version="1.0" encoding="UTF-8"?>
<testsuites name="Restaurant Tests" time="886" tests="20" failures="4" errors="0">
   <testsuite name="Restaurant Tests" tests="20" failures="4" errors="0" time="886" timestamp="2018-08-14 15:02:18" hostname="apple - 192.168.3.148" id="Test Suites/Restaurant Tests">
      <properties>
         <property name="deviceName" value=""/>
         <property name="devicePlatform" value=""/>
         <property name="logFolder" value="/Users/apple/git/pbsl_digivalet_cms_tests/Reports/Restaurant Tests/20180814_150205"/>
         <property name="logFiles" value="/Users/apple/git/pbsl_digivalet_cms_tests/Reports/Restaurant Tests/20180814_150205/execution0.log"/>
         <property name="attachments" value="/Users/apple/git/pbsl_digivalet_cms_tests/Reports/Restaurant Tests/20180814_150205/1534239302008.png, /Users/apple/git/pbsl_digivalet_cms_tests/Reports/Restaurant Tests/20180814_150205/1534239382915.png, /Users/apple/git/pbsl_digivalet_cms_tests/Reports/Restaurant Tests/20180814_150205/1534239454527.png, /Users/apple/git/pbsl_digivalet_cms_tests/Reports/Restaurant Tests/20180814_150205/1534239536672.png"/>
         <property name="hostName" value="apple - 192.168.3.148"/>
         <property name="os" value="Mac OS X 64bit"/>
         <property name="katalonVersion" value="5.5.0.1"/>
         <property name="browser" value="Chrome 68.0.3440.106"/>
         <property name="hostAddress" value="192.168.3.148"/>
         <property name="sessionId" value="d779a2b24ff19062c3761034ba825575"/>
         <property name="seleniumVersion" value="3.7.1"/>
         <property name="proxyInformation" value="ProxyInformation{proxyOption=NO_PROXY, proxyServerType=HTTP, password=, proxyServerAddress=, proxyServerPort=0}"/>
         <property name="platform" value="Mac OS X"/>
      </properties>
      <testcase name="Test Cases/Tests/Restaurant Tests/TC_Restaurant_001" classname="Test Cases/Tests/Restaurant Tests/TC_Restaurant_001" status="PASSED">
         <system-out><![CDATA[2018-08-14 15:02:18 - [TEST_CASE][PASSED] - Test Cases/Tests/Restaurant Tests/TC_Restaurant_001: Test Cases/Tests/Restaurant Tests/TC_Restaurant_001

2018-08-14 15:02:19 - [TEST_STEP][PASSED] - callTestCase: Call Test Case 'Test Cases/Tests/Log In Tests/TC001_Log in_valid_user' successfully

2018-08-14 15:02:19 - [TEST_CASE][PASSED] - Test Cases/Tests/Log In Tests/TC001_Log in_valid_user: Test Cases/Tests/Log In Tests/TC001_Log in_valid_user

2018-08-14 15:02:19 - [TEST_STEP][PASSED] - openBrowser: Browser is opened with url: 'https://his-uat.digivalet.com/cms/dashboard/user/login'

2018-08-14 15:02:23 - [MESSAGE][PASSED] - Browser is opened with url: 'https://his-uat.digivalet.com/cms/dashboard/user/login'

2018-08-14 15:02:23 - [TEST_STEP][PASSED] - maximizeWindow: Current window maximized

2018-08-14 15:02:24 - [MESSAGE][PASSED] - Current window maximized

2018-08-14 15:02:24 - [TEST_STEP][PASSED] - waitForPageLoad: Wait for page load successfully

2018-08-14 15:02:24 - [MESSAGE][PASSED] - Wait for page load successfully

2018-08-14 15:02:24 - [TEST_STEP][PASSED] - setText: Text 'superadmin' is set on object 'Object Repository/Pages/Log In Page/input_username'

2018-08-14 15:02:25 - [MESSAGE][PASSED] - Text 'superadmin' is set on object 'Object Repository/Pages/Log In Page/input_username'

2018-08-14 15:02:25 - [TEST_STEP][PASSED] - setText: Text 'd7QUVg' is set on object 'Object Repository/Pages/Log In Page/input_password'

2018-08-14 15:02:25 - [MESSAGE][PASSED] - Text 'd7QUVg' is set on object 'Object Repository/Pages/Log In Page/input_password'

2018-08-14 15:02:25 - [TEST_STEP][PASSED] - click: Object: 'Object Repository/Pages/Log In Page/button_Login' is clicked on

2018-08-14 15:02:26 - [MESSAGE][PASSED] - Object: 'Object Repository/Pages/Log In Page/button_Login' is clicked on

2018-08-14 15:02:26 - [TEST_STEP][PASSED] - waitForPageLoad: Wait for page load successfully

2018-08-14 15:02:26 - [MESSAGE][PASSED] - Wait for page load successfully

2018-08-14 15:02:26 - [TEST_STEP][PASSED] - waitForElementNotPresent: Web element with id: 'Object Repository/Pages/Log In Page/button_Login' located by 'By.xpath: //*[@id='userlogin']//button' is not present after '20' second(s)

2018-08-14 15:02:31 - [MESSAGE][PASSED] - Web element with id: 'Object Repository/Pages/Log In Page/button_Login' located by 'By.xpath: //*[@id='userlogin']//button' is not present after '20' second(s)

2018-08-14 15:02:31 - [TEST_STEP][PASSED] - waitForElementVisible: Object 'Object Repository/Pages/TV Channels Page/heading_TV Channel' is visible

2018-08-14 15:02:31 - [MESSAGE][PASSED] - Object 'Object Repository/Pages/TV Channels Page/heading_TV Channel' is visible

2018-08-14 15:02:31 - [TEST_STEP][PASSED] - Statement - DashboardURL = com.kms.katalon.core.webui.keyword.WebUiBuiltInKeywords.getUrl(): Current window's url is: 'https://his-uat.digivalet.com/cms/tvchannel/manageTvchannel'

2018-08-14 15:02:31 - [MESSAGE][PASSED] - Current window's url is: 'https://his-uat.digivalet.com/cms/tvchannel/manageTvchannel'

2018-08-14 15:02:31 - [TEST_STEP][PASSED] - verifyMatch: Actual text 'https://his-uat.digivalet.com/cms/tvchannel/manageTvchannel' and expected text 'https://his-uat.digivalet.com/cms/tvchannel/manageTvchannel' are matched  using regular expression

2018-08-14 15:02:31 - [MESSAGE][PASSED] - Actual text 'https://his-uat.digivalet.com/cms/tvchannel/manageTvchannel' and expected text 'https://his-uat.digivalet.com/cms/tvchannel/manageTvchannel' are matched  using regular expression

2018-08-14 15:02:31 - [MESSAGE][PASSED] - Call Test Case 'Test Cases/Tests/Log In Tests/TC001_Log in_valid_user' successfully

2018-08-14 15:02:31 - [TEST_STEP][PASSED] - click: Object: 'Object Repository/Pages/Dashboard/a_Restaurants' is clicked on

2018-08-14 15:02:32 - [MESSAGE][PASSED] - Object: 'Object Repository/Pages/Dashboard/a_Restaurants' is clicked on

2018-08-14 15:02:32 - [TEST_STEP][PASSED] - waitForElementVisible: Object 'Object Repository/Pages/Restaurant Page/res_cell_first' is visible

2018-08-14 15:02:34 - [MESSAGE][PASSED] - Object 'Object Repository/Pages/Restaurant Page/res_cell_first' is visible

2018-08-14 15:02:34 - [TEST_STEP][PASSED] - click: Object: 'Object Repository/Pages/Restaurant Page/btn_plus_restaurant' is clicked on

2018-08-14 15:02:34 - [MESSAGE][PASSED] - Object: 'Object Repository/Pages/Restaurant Page/btn_plus_restaurant' is clicked on

2018-08-14 15:02:34 - [TEST_STEP][PASSED] - setText: Text 'Automation Test' is set on object 'Object Repository/Pages/Restaurant Page/Add Restaurant/input_display_name'

2018-08-14 15:02:35 - [MESSAGE][PASSED] - Text 'Automation Test' is set on object 'Object Repository/Pages/Restaurant Page/Add Restaurant/input_display_name'

2018-08-14 15:02:35 - [TEST_STEP][PASSED] - setText: Text 'This is a test restaurant being added by automation script.' is set on object 'Object Repository/Pages/Restaurant Page/Add Restaurant/textarea_description'

2018-08-14 15:02:35 - [MESSAGE][PASSED] - Text 'This is a test restaurant being added by automation script.' is set on object 'Object Repository/Pages/Restaurant Page/Add Restaurant/textarea_description'

2018-08-14 15:02:35 - [TEST_STEP][PASSED] - uploadFile: File '/Users/apple/git/pbsl_digivalet_cms_tests/Images/Restaurant Image.jpg' sent to object: 'Object Repository/Pages/Restaurant Page/Add Restaurant/btn_upload_image'

2018-08-14 15:02:35 - [MESSAGE][PASSED] - File '/Users/apple/git/pbsl_digivalet_cms_tests/Images/Restaurant Image.jpg' sent to object: 'Object Repository/Pages/Restaurant Page/Add Restaurant/btn_upload_image'

2018-08-14 15:02:35 - [TEST_STEP][PASSED] - waitForElementVisible: Object 'Object Repository/Pages/Restaurant Page/Crop Image/btn_zoom_in' is visible

2018-08-14 15:02:35 - [MESSAGE][PASSED] - Object 'Object Repository/Pages/Restaurant Page/Crop Image/btn_zoom_in' is visible

2018-08-14 15:02:35 - [TEST_STEP][PASSED] - click: Object: 'Object Repository/Pages/Restaurant Page/Crop Image/btn_zoom_in' is clicked on

2018-08-14 15:02:36 - [MESSAGE][PASSED] - Object: 'Object Repository/Pages/Restaurant Page/Crop Image/btn_zoom_in' is clicked on

2018-08-14 15:02:36 - [TEST_STEP][PASSED] - click: Object: 'Object Repository/Pages/Restaurant Page/Crop Image/btn_zoom_in' is clicked on

2018-08-14 15:02:36 - [MESSAGE][PASSED] - Object: 'Object Repository/Pages/Restaurant Page/Crop Image/btn_zoom_in' is clicked on

2018-08-14 15:02:36 - [TEST_STEP][PASSED] - click: Object: 'Object Repository/Pages/Restaurant Page/Crop Image/btn_zoom_out' is clicked on

2018-08-14 15:02:36 - [MESSAGE][PASSED] - Object: 'Object Repository/Pages/Restaurant Page/Crop Image/btn_zoom_out' is clicked on

2018-08-14 15:02:36 - [TEST_STEP][PASSED] - click: Object: 'Object Repository/Pages/Restaurant Page/Crop Image/btn_zoom_out' is clicked on

2018-08-14 15:02:36 - [MESSAGE][PASSED] - Object: 'Object Repository/Pages/Restaurant Page/Crop Image/btn_zoom_out' is clicked on

2018-08-14 15:02:36 - [TEST_STEP][PASSED] - click: Object: 'Object Repository/Pages/Restaurant Page/Crop Image/btn_crop_image_done' is clicked on

2018-08-14 15:02:36 - [MESSAGE][PASSED] - Object: 'Object Repository/Pages/Restaurant Page/Crop Image/btn_crop_image_done' is clicked on

2018-08-14 15:02:36 - [TEST_STEP][PASSED] - waitForElementVisible: Object 'Object Repository/Pages/Restaurant Page/Add Restaurant/heading_add_restaurant' is visible

2018-08-14 15:02:37 - [MESSAGE][PASSED] - Object 'Object Repository/Pages/Restaurant Page/Add Restaurant/heading_add_restaurant' is visible

2018-08-14 15:02:37 - [TEST_STEP][PASSED] - click: Object: 'Object Repository/Pages/Restaurant Page/Add Restaurant/checkbox_smoking_yes' is clicked on

2018-08-14 15:02:37 - [MESSAGE][PASSED] - Object: 'Object Repository/Pages/Restaurant Page/Add Restaurant/checkbox_smoking_yes' is clicked on

2018-08-14 15:02:37 - [TEST_STEP][PASSED] - setText: Text '2nd Floor, Wing 'A'' is set on object 'Object Repository/Pages/Restaurant Page/Add Restaurant/input_restaurant_location'

2018-08-14 15:02:38 - [MESSAGE][PASSED] - Text '2nd Floor, Wing 'A'' is set on object 'Object Repository/Pages/Restaurant Page/Add Restaurant/input_restaurant_location'

2018-08-14 15:02:38 - [TEST_STEP][PASSED] - click: Object: 'Object Repository/Pages/Restaurant Page/Add Restaurant/dropdown_add_menu_default' is clicked on

2018-08-14 15:02:38 - [MESSAGE][PASSED] - Object: 'Object Repository/Pages/Restaurant Page/Add Restaurant/dropdown_add_menu_default' is clicked on

2018-08-14 15:02:38 - [TEST_STEP][PASSED] - click: Object: 'Object Repository/Pages/Restaurant Page/Add Restaurant/value_add_dress_code' is clicked on

2018-08-14 15:02:38 - [MESSAGE][PASSED] - Object: 'Object Repository/Pages/Restaurant Page/Add Restaurant/value_add_dress_code' is clicked on

2018-08-14 15:02:38 - [TEST_STEP][PASSED] - setText: Text 'Dress Code' is set on object 'Object Repository/Pages/Restaurant Page/Add Restaurant/input_text_title_default'

2018-08-14 15:02:38 - [MESSAGE][PASSED] - Text 'Dress Code' is set on object 'Object Repository/Pages/Restaurant Page/Add Restaurant/input_text_title_default'

2018-08-14 15:02:38 - [TEST_STEP][PASSED] - setText: Text 'Formals' is set on object 'Object Repository/Pages/Restaurant Page/Add Restaurant/input_text_value_default'

2018-08-14 15:02:39 - [MESSAGE][PASSED] - Text 'Formals' is set on object 'Object Repository/Pages/Restaurant Page/Add Restaurant/input_text_value_default'

2018-08-14 15:02:39 - [TEST_STEP][PASSED] - click: Object: 'Object Repository/Pages/Restaurant Page/Add Restaurant/btn_next' is clicked on

2018-08-14 15:02:39 - [MESSAGE][PASSED] - Object: 'Object Repository/Pages/Restaurant Page/Add Restaurant/btn_next' is clicked on

2018-08-14 15:02:39 - [TEST_STEP][PASSED] - waitForElementVisible: Object 'Object Repository/Pages/Restaurant Page/Apply Filters/heading_apply_filters' is visible

2018-08-14 15:02:39 - [MESSAGE][PASSED] - Object 'Object Repository/Pages/Restaurant Page/Apply Filters/heading_apply_filters' is visible

2018-08-14 15:02:39 - [TEST_STEP][PASSED] - waitForElementVisible: Object 'Object Repository/Pages/Restaurant Page/Apply Filters/div_filters' is visible

2018-08-14 15:02:40 - [MESSAGE][PASSED] - Object 'Object Repository/Pages/Restaurant Page/Apply Filters/div_filters' is visible

2018-08-14 15:02:40 - [TEST_STEP][PASSED] - click: Object: 'Object Repository/Pages/Restaurant Page/Apply Filters/input_open_status' is clicked on

2018-08-14 15:02:40 - [MESSAGE][PASSED] - Object: 'Object Repository/Pages/Restaurant Page/Apply Filters/input_open_status' is clicked on

2018-08-14 15:02:40 - [TEST_STEP][PASSED] - click: Object: 'Object Repository/Pages/Restaurant Page/Apply Filters/option_allTime' is clicked on

2018-08-14 15:02:40 - [MESSAGE][PASSED] - Object: 'Object Repository/Pages/Restaurant Page/Apply Filters/option_allTime' is clicked on

2018-08-14 15:02:40 - [TEST_STEP][PASSED] - click: Object: 'Object Repository/Pages/Restaurant Page/Apply Filters/input_cuisine' is clicked on

2018-08-14 15:02:40 - [MESSAGE][PASSED] - Object: 'Object Repository/Pages/Restaurant Page/Apply Filters/input_cuisine' is clicked on

2018-08-14 15:02:40 - [TEST_STEP][PASSED] - click: Object: 'Object Repository/Pages/Restaurant Page/Apply Filters/option_all' is clicked on

2018-08-14 15:02:40 - [MESSAGE][PASSED] - Object: 'Object Repository/Pages/Restaurant Page/Apply Filters/option_all' is clicked on

2018-08-14 15:02:40 - [TEST_STEP][PASSED] - click: Object: 'Object Repository/Pages/Restaurant Page/Apply Filters/input_meal_type' is clicked on

2018-08-14 15:02:40 - [MESSAGE][PASSED] - Object: 'Object Repository/Pages/Restaurant Page/Apply Filters/input_meal_type' is clicked on

2018-08-14 15:02:40 - [TEST_STEP][PASSED] - click: Object: 'Object Repository/Pages/Restaurant Page/Apply Filters/option_breakfast' is clicked on

2018-08-14 15:02:40 - [MESSAGE][PASSED] - Object: 'Object Repository/Pages/Restaurant Page/Apply Filters/option_breakfast' is clicked on

2018-08-14 15:02:40 - [TEST_STEP][PASSED] - click: Object: 'Object Repository/Pages/Restaurant Page/Apply Filters/meal_type_start_time' is clicked on

2018-08-14 15:02:41 - [MESSAGE][PASSED] - Object: 'Object Repository/Pages/Restaurant Page/Apply Filters/meal_type_start_time' is clicked on

2018-08-14 15:02:41 - [TEST_STEP][PASSED] - click: Object: 'Object Repository/Pages/Restaurant Page/Apply Filters/pick_hours' is clicked on

2018-08-14 15:02:41 - [MESSAGE][PASSED] - Object: 'Object Repository/Pages/Restaurant Page/Apply Filters/pick_hours' is clicked on

2018-08-14 15:02:41 - [TEST_STEP][PASSED] - click: Object: 'Object Repository/Pages/Restaurant Page/Apply Filters/hour_09' is clicked on

2018-08-14 15:02:41 - [MESSAGE][PASSED] - Object: 'Object Repository/Pages/Restaurant Page/Apply Filters/hour_09' is clicked on

2018-08-14 15:02:41 - [TEST_STEP][PASSED] - click: Object: 'Object Repository/Pages/Restaurant Page/Apply Filters/pick_minutes' is clicked on

2018-08-14 15:02:41 - [MESSAGE][PASSED] - Object: 'Object Repository/Pages/Restaurant Page/Apply Filters/pick_minutes' is clicked on

2018-08-14 15:02:41 - [TEST_STEP][PASSED] - click: Object: 'Object Repository/Pages/Restaurant Page/Apply Filters/minute_00' is clicked on

2018-08-14 15:02:41 - [MESSAGE][PASSED] - Object: 'Object Repository/Pages/Restaurant Page/Apply Filters/minute_00' is clicked on

2018-08-14 15:02:41 - [TEST_STEP][PASSED] - click: Object: 'Object Repository/Pages/Restaurant Page/Apply Filters/btn_AM_PM' is clicked on

2018-08-14 15:02:41 - [MESSAGE][PASSED] - Object: 'Object Repository/Pages/Restaurant Page/Apply Filters/btn_AM_PM' is clicked on

2018-08-14 15:02:41 - [TEST_STEP][PASSED] - click: Object: 'Object Repository/Pages/Restaurant Page/Apply Filters/meal_type_end_time' is clicked on

2018-08-14 15:02:42 - [MESSAGE][PASSED] - Object: 'Object Repository/Pages/Restaurant Page/Apply Filters/meal_type_end_time' is clicked on

2018-08-14 15:02:42 - [TEST_STEP][PASSED] - click: Object: 'Object Repository/Pages/Restaurant Page/Apply Filters/pick_hours' is clicked on

2018-08-14 15:02:42 - [MESSAGE][PASSED] - Object: 'Object Repository/Pages/Restaurant Page/Apply Filters/pick_hours' is clicked on

2018-08-14 15:02:42 - [TEST_STEP][PASSED] - click: Object: 'Object Repository/Pages/Restaurant Page/Apply Filters/hour_11' is clicked on

2018-08-14 15:02:42 - [MESSAGE][PASSED] - Object: 'Object Repository/Pages/Restaurant Page/Apply Filters/hour_11' is clicked on

2018-08-14 15:02:42 - [TEST_STEP][PASSED] - click: Object: 'Object Repository/Pages/Restaurant Page/Apply Filters/pick_minutes' is clicked on

2018-08-14 15:02:42 - [MESSAGE][PASSED] - Object: 'Object Repository/Pages/Restaurant Page/Apply Filters/pick_minutes' is clicked on

2018-08-14 15:02:42 - [TEST_STEP][PASSED] - click: Object: 'Object Repository/Pages/Restaurant Page/Apply Filters/minute_00' is clicked on

2018-08-14 15:02:42 - [MESSAGE][PASSED] - Object: 'Object Repository/Pages/Restaurant Page/Apply Filters/minute_00' is clicked on

2018-08-14 15:02:42 - [TEST_STEP][PASSED] - click: Object: 'Object Repository/Pages/Restaurant Page/Apply Filters/btn_AM_PM' is clicked on

2018-08-14 15:02:42 - [MESSAGE][PASSED] - Object: 'Object Repository/Pages/Restaurant Page/Apply Filters/btn_AM_PM' is clicked on

2018-08-14 15:02:42 - [TEST_STEP][PASSED] - click: Object: 'Object Repository/Pages/Restaurant Page/Apply Filters/btn_save' is clicked on

2018-08-14 15:02:42 - [MESSAGE][PASSED] - Object: 'Object Repository/Pages/Restaurant Page/Apply Filters/btn_save' is clicked on

2018-08-14 15:02:42 - [TEST_STEP][PASSED] - verifyElementVisible: Object 'Object Repository/Pages/Restaurant Page/msg_add_restaurant_success' is visible

2018-08-14 15:02:43 - [MESSAGE][PASSED] - Object 'Object Repository/Pages/Restaurant Page/msg_add_restaurant_success' is visible

2018-08-14 15:02:43 - [TEST_STEP][PASSED] - delay: Delayed 1 second(s)

2018-08-14 15:02:44 - [MESSAGE][PASSED] - Delayed 1 second(s)

2018-08-14 15:02:44 - [TEST_STEP][PASSED] - click: Object: 'Object Repository/Pages/Dashboard/a_Restaurants' is clicked on

2018-08-14 15:02:45 - [MESSAGE][PASSED] - Object: 'Object Repository/Pages/Dashboard/a_Restaurants' is clicked on

2018-08-14 15:02:45 - [TEST_STEP][PASSED] - waitForElementVisible: Object 'Object Repository/Pages/Restaurant Page/res_cell_first' is visible

2018-08-14 15:02:47 - [MESSAGE][PASSED] - Object 'Object Repository/Pages/Restaurant Page/res_cell_first' is visible

2018-08-14 15:02:47 - [TEST_STEP][PASSED] - verifyElementPresent: Object 'Object Repository/Pages/Restaurant Page/restaurant_name' is present

2018-08-14 15:02:47 - [MESSAGE][PASSED] - Object 'Object Repository/Pages/Restaurant Page/restaurant_name' is present

2018-08-14 15:02:47 - [TEST_STEP][PASSED] - closeBrowser: Browser is closed

2018-08-14 15:02:47 - [MESSAGE][PASSED] - Browser is closed]]></system-out>
         <system-err><![CDATA[]]></system-err>
      </testcase>
      <testcase name="Test Cases/Tests/Restaurant Tests/TC_Restaurant_002" classname="Test Cases/Tests/Restaurant Tests/TC_Restaurant_002" status="PASSED">
         <system-out><![CDATA[2018-08-14 15:02:47 - [TEST_CASE][PASSED] - Test Cases/Tests/Restaurant Tests/TC_Restaurant_002: Test Cases/Tests/Restaurant Tests/TC_Restaurant_002

2018-08-14 15:02:48 - [TEST_STEP][PASSED] - callTestCase: Call Test Case 'Test Cases/Tests/Log In Tests/TC001_Log in_valid_user' successfully

2018-08-14 15:02:48 - [TEST_CASE][PASSED] - Test Cases/Tests/Log In Tests/TC001_Log in_valid_user: Test Cases/Tests/Log In Tests/TC001_Log in_valid_user

2018-08-14 15:02:48 - [TEST_STEP][PASSED] - openBrowser: Browser is opened with url: 'https://his-uat.digivalet.com/cms/dashboard/user/login'

2018-08-14 15:02:50 - [MESSAGE][PASSED] - Browser is opened with url: 'https://his-uat.digivalet.com/cms/dashboard/user/login'

2018-08-14 15:02:50 - [TEST_STEP][PASSED] - maximizeWindow: Current window maximized

2018-08-14 15:02:51 - [MESSAGE][PASSED] - Current window maximized

2018-08-14 15:02:51 - [TEST_STEP][PASSED] - waitForPageLoad: Wait for page load successfully

2018-08-14 15:02:51 - [MESSAGE][PASSED] - Wait for page load successfully

2018-08-14 15:02:51 - [TEST_STEP][PASSED] - setText: Text 'superadmin' is set on object 'Object Repository/Pages/Log In Page/input_username'

2018-08-14 15:02:51 - [MESSAGE][PASSED] - Text 'superadmin' is set on object 'Object Repository/Pages/Log In Page/input_username'

2018-08-14 15:02:51 - [TEST_STEP][PASSED] - setText: Text 'd7QUVg' is set on object 'Object Repository/Pages/Log In Page/input_password'

2018-08-14 15:02:51 - [MESSAGE][PASSED] - Text 'd7QUVg' is set on object 'Object Repository/Pages/Log In Page/input_password'

2018-08-14 15:02:51 - [TEST_STEP][PASSED] - click: Object: 'Object Repository/Pages/Log In Page/button_Login' is clicked on

2018-08-14 15:02:51 - [MESSAGE][PASSED] - Object: 'Object Repository/Pages/Log In Page/button_Login' is clicked on

2018-08-14 15:02:51 - [TEST_STEP][PASSED] - waitForPageLoad: Wait for page load successfully

2018-08-14 15:02:51 - [MESSAGE][PASSED] - Wait for page load successfully

2018-08-14 15:02:51 - [TEST_STEP][PASSED] - waitForElementNotPresent: Web element with id: 'Object Repository/Pages/Log In Page/button_Login' located by 'By.xpath: //*[@id='userlogin']//button' is not present after '20' second(s)

2018-08-14 15:02:55 - [MESSAGE][PASSED] - Web element with id: 'Object Repository/Pages/Log In Page/button_Login' located by 'By.xpath: //*[@id='userlogin']//button' is not present after '20' second(s)

2018-08-14 15:02:55 - [TEST_STEP][PASSED] - waitForElementVisible: Object 'Object Repository/Pages/TV Channels Page/heading_TV Channel' is visible

2018-08-14 15:02:56 - [MESSAGE][PASSED] - Object 'Object Repository/Pages/TV Channels Page/heading_TV Channel' is visible

2018-08-14 15:02:56 - [TEST_STEP][PASSED] - Statement - DashboardURL = com.kms.katalon.core.webui.keyword.WebUiBuiltInKeywords.getUrl(): Current window's url is: 'https://his-uat.digivalet.com/cms/tvchannel/manageTvchannel'

2018-08-14 15:02:56 - [MESSAGE][PASSED] - Current window's url is: 'https://his-uat.digivalet.com/cms/tvchannel/manageTvchannel'

2018-08-14 15:02:56 - [TEST_STEP][PASSED] - verifyMatch: Actual text 'https://his-uat.digivalet.com/cms/tvchannel/manageTvchannel' and expected text 'https://his-uat.digivalet.com/cms/tvchannel/manageTvchannel' are matched  using regular expression

2018-08-14 15:02:56 - [MESSAGE][PASSED] - Actual text 'https://his-uat.digivalet.com/cms/tvchannel/manageTvchannel' and expected text 'https://his-uat.digivalet.com/cms/tvchannel/manageTvchannel' are matched  using regular expression

2018-08-14 15:02:56 - [MESSAGE][PASSED] - Call Test Case 'Test Cases/Tests/Log In Tests/TC001_Log in_valid_user' successfully

2018-08-14 15:02:56 - [TEST_STEP][PASSED] - click: Object: 'Object Repository/Pages/Dashboard/a_Restaurants' is clicked on

2018-08-14 15:02:58 - [MESSAGE][PASSED] - Object: 'Object Repository/Pages/Dashboard/a_Restaurants' is clicked on

2018-08-14 15:02:58 - [TEST_STEP][PASSED] - waitForElementVisible: Object 'Object Repository/Pages/Restaurant Page/res_cell_first' is visible

2018-08-14 15:03:00 - [MESSAGE][PASSED] - Object 'Object Repository/Pages/Restaurant Page/res_cell_first' is visible

2018-08-14 15:03:00 - [TEST_STEP][PASSED] - click: Object: 'Object Repository/Pages/Restaurant Page/btn_plus_restaurant' is clicked on

2018-08-14 15:03:00 - [MESSAGE][PASSED] - Object: 'Object Repository/Pages/Restaurant Page/btn_plus_restaurant' is clicked on

2018-08-14 15:03:00 - [TEST_STEP][PASSED] - verifyElementPresent: Object 'Object Repository/Pages/Restaurant Page/Add Restaurant/input_display_name' is present

2018-08-14 15:03:00 - [MESSAGE][PASSED] - Object 'Object Repository/Pages/Restaurant Page/Add Restaurant/input_display_name' is present

2018-08-14 15:03:00 - [TEST_STEP][PASSED] - verifyElementPresent: Object 'Object Repository/Pages/Restaurant Page/Add Restaurant/textarea_description' is present

2018-08-14 15:03:00 - [MESSAGE][PASSED] - Object 'Object Repository/Pages/Restaurant Page/Add Restaurant/textarea_description' is present

2018-08-14 15:03:00 - [TEST_STEP][PASSED] - verifyElementPresent: Object 'Object Repository/Pages/Restaurant Page/Add Restaurant/btn_upload_image' is present

2018-08-14 15:03:00 - [MESSAGE][PASSED] - Object 'Object Repository/Pages/Restaurant Page/Add Restaurant/btn_upload_image' is present

2018-08-14 15:03:00 - [TEST_STEP][PASSED] - uploadFile: File '/Users/apple/git/pbsl_digivalet_cms_tests/Images/Restaurant Image.jpg' sent to object: 'Object Repository/Pages/Restaurant Page/Add Restaurant/btn_upload_image'

2018-08-14 15:03:00 - [MESSAGE][PASSED] - File '/Users/apple/git/pbsl_digivalet_cms_tests/Images/Restaurant Image.jpg' sent to object: 'Object Repository/Pages/Restaurant Page/Add Restaurant/btn_upload_image'

2018-08-14 15:03:00 - [TEST_STEP][PASSED] - waitForElementVisible: Object 'Object Repository/Pages/Restaurant Page/Crop Image/btn_zoom_in' is visible

2018-08-14 15:03:01 - [MESSAGE][PASSED] - Object 'Object Repository/Pages/Restaurant Page/Crop Image/btn_zoom_in' is visible

2018-08-14 15:03:01 - [TEST_STEP][PASSED] - click: Object: 'Object Repository/Pages/Restaurant Page/Crop Image/btn_zoom_in' is clicked on

2018-08-14 15:03:01 - [MESSAGE][PASSED] - Object: 'Object Repository/Pages/Restaurant Page/Crop Image/btn_zoom_in' is clicked on

2018-08-14 15:03:01 - [TEST_STEP][PASSED] - click: Object: 'Object Repository/Pages/Restaurant Page/Crop Image/btn_zoom_out' is clicked on

2018-08-14 15:03:01 - [MESSAGE][PASSED] - Object: 'Object Repository/Pages/Restaurant Page/Crop Image/btn_zoom_out' is clicked on

2018-08-14 15:03:01 - [TEST_STEP][PASSED] - delay: Delayed 2 second(s)

2018-08-14 15:03:03 - [MESSAGE][PASSED] - Delayed 2 second(s)

2018-08-14 15:03:03 - [TEST_STEP][PASSED] - click: Object: 'Object Repository/Pages/Restaurant Page/Crop Image/btn_crop_image_done' is clicked on

2018-08-14 15:03:03 - [MESSAGE][PASSED] - Object: 'Object Repository/Pages/Restaurant Page/Crop Image/btn_crop_image_done' is clicked on

2018-08-14 15:03:03 - [TEST_STEP][PASSED] - waitForElementVisible: Object 'Object Repository/Pages/Restaurant Page/Add Restaurant/heading_add_restaurant' is visible

2018-08-14 15:03:04 - [MESSAGE][PASSED] - Object 'Object Repository/Pages/Restaurant Page/Add Restaurant/heading_add_restaurant' is visible

2018-08-14 15:03:04 - [TEST_STEP][PASSED] - verifyElementPresent: Object 'Object Repository/Pages/Restaurant Page/Add Restaurant/text_restaurant_allowed' is present

2018-08-14 15:03:04 - [MESSAGE][PASSED] - Object 'Object Repository/Pages/Restaurant Page/Add Restaurant/text_restaurant_allowed' is present

2018-08-14 15:03:04 - [TEST_STEP][PASSED] - verifyElementPresent: Object 'Object Repository/Pages/Restaurant Page/Add Restaurant/text_opening_hours' is present

2018-08-14 15:03:04 - [MESSAGE][PASSED] - Object 'Object Repository/Pages/Restaurant Page/Add Restaurant/text_opening_hours' is present

2018-08-14 15:03:04 - [TEST_STEP][PASSED] - verifyElementPresent: Object 'Object Repository/Pages/Restaurant Page/Add Restaurant/text_smoking' is present

2018-08-14 15:03:04 - [MESSAGE][PASSED] - Object 'Object Repository/Pages/Restaurant Page/Add Restaurant/text_smoking' is present

2018-08-14 15:03:04 - [TEST_STEP][PASSED] - verifyElementPresent: Object 'Object Repository/Pages/Restaurant Page/Add Restaurant/input_restaurant_location' is present

2018-08-14 15:03:04 - [MESSAGE][PASSED] - Object 'Object Repository/Pages/Restaurant Page/Add Restaurant/input_restaurant_location' is present

2018-08-14 15:03:04 - [TEST_STEP][PASSED] - click: Object: 'Object Repository/Pages/Restaurant Page/Add Restaurant/dropdown_add_menu_default' is clicked on

2018-08-14 15:03:04 - [MESSAGE][PASSED] - Object: 'Object Repository/Pages/Restaurant Page/Add Restaurant/dropdown_add_menu_default' is clicked on

2018-08-14 15:03:04 - [TEST_STEP][PASSED] - verifyElementPresent: Object 'Object Repository/Pages/Restaurant Page/Add Restaurant/value_add_menu' is present

2018-08-14 15:03:04 - [MESSAGE][PASSED] - Object 'Object Repository/Pages/Restaurant Page/Add Restaurant/value_add_menu' is present

2018-08-14 15:03:04 - [TEST_STEP][PASSED] - verifyElementPresent: Object 'Object Repository/Pages/Restaurant Page/Add Restaurant/value_add_dress_code' is present

2018-08-14 15:03:04 - [MESSAGE][PASSED] - Object 'Object Repository/Pages/Restaurant Page/Add Restaurant/value_add_dress_code' is present

2018-08-14 15:03:04 - [TEST_STEP][PASSED] - verifyElementPresent: Object 'Object Repository/Pages/Restaurant Page/Add Restaurant/value_add_URL' is present

2018-08-14 15:03:04 - [MESSAGE][PASSED] - Object 'Object Repository/Pages/Restaurant Page/Add Restaurant/value_add_URL' is present

2018-08-14 15:03:04 - [TEST_STEP][PASSED] - verifyElementPresent: Object 'Object Repository/Pages/Restaurant Page/Add Restaurant/value_add_video' is present

2018-08-14 15:03:04 - [MESSAGE][PASSED] - Object 'Object Repository/Pages/Restaurant Page/Add Restaurant/value_add_video' is present

2018-08-14 15:03:04 - [TEST_STEP][PASSED] - verifyElementPresent: Object 'Object Repository/Pages/Restaurant Page/Add Restaurant/value_add_custom' is present

2018-08-14 15:03:04 - [MESSAGE][PASSED] - Object 'Object Repository/Pages/Restaurant Page/Add Restaurant/value_add_custom' is present

2018-08-14 15:03:04 - [TEST_STEP][PASSED] - click: Object: 'Object Repository/Pages/Restaurant Page/Add Restaurant/btn_next' is clicked on

2018-08-14 15:03:04 - [MESSAGE][PASSED] - Object: 'Object Repository/Pages/Restaurant Page/Add Restaurant/btn_next' is clicked on

2018-08-14 15:03:04 - [TEST_STEP][PASSED] - verifyElementPresent: Object 'Object Repository/Pages/Restaurant Page/Apply Filters/input_open_status' is present

2018-08-14 15:03:05 - [MESSAGE][PASSED] - Object 'Object Repository/Pages/Restaurant Page/Apply Filters/input_open_status' is present

2018-08-14 15:03:05 - [TEST_STEP][PASSED] - verifyElementPresent: Object 'Object Repository/Pages/Restaurant Page/Apply Filters/input_cuisine' is present

2018-08-14 15:03:05 - [MESSAGE][PASSED] - Object 'Object Repository/Pages/Restaurant Page/Apply Filters/input_cuisine' is present

2018-08-14 15:03:05 - [TEST_STEP][PASSED] - verifyElementPresent: Object 'Object Repository/Pages/Restaurant Page/Apply Filters/input_cuisine' is present

2018-08-14 15:03:05 - [MESSAGE][PASSED] - Object 'Object Repository/Pages/Restaurant Page/Apply Filters/input_cuisine' is present

2018-08-14 15:03:05 - [TEST_STEP][PASSED] - click: Object: 'Object Repository/Pages/Restaurant Page/Apply Filters/btn_dismiss_modal_step2' is clicked on

2018-08-14 15:03:05 - [MESSAGE][PASSED] - Object: 'Object Repository/Pages/Restaurant Page/Apply Filters/btn_dismiss_modal_step2' is clicked on

2018-08-14 15:03:05 - [TEST_STEP][PASSED] - closeBrowser: Browser is closed

2018-08-14 15:03:05 - [MESSAGE][PASSED] - Browser is closed]]></system-out>
         <system-err><![CDATA[]]></system-err>
      </testcase>
      <testcase name="Test Cases/Tests/Restaurant Tests/TC_Restaurant_005" classname="Test Cases/Tests/Restaurant Tests/TC_Restaurant_005" status="PASSED">
         <system-out><![CDATA[2018-08-14 15:03:05 - [TEST_CASE][PASSED] - Test Cases/Tests/Restaurant Tests/TC_Restaurant_005: Test Cases/Tests/Restaurant Tests/TC_Restaurant_005

2018-08-14 15:03:05 - [TEST_STEP][PASSED] - callTestCase: Call Test Case 'Test Cases/Tests/Log In Tests/TC001_Log in_valid_user' successfully

2018-08-14 15:03:05 - [TEST_CASE][PASSED] - Test Cases/Tests/Log In Tests/TC001_Log in_valid_user: Test Cases/Tests/Log In Tests/TC001_Log in_valid_user

2018-08-14 15:03:05 - [TEST_STEP][PASSED] - openBrowser: Browser is opened with url: 'https://his-uat.digivalet.com/cms/dashboard/user/login'

2018-08-14 15:03:30 - [MESSAGE][PASSED] - Browser is opened with url: 'https://his-uat.digivalet.com/cms/dashboard/user/login'

2018-08-14 15:03:30 - [TEST_STEP][PASSED] - maximizeWindow: Current window maximized

2018-08-14 15:03:30 - [MESSAGE][PASSED] - Current window maximized

2018-08-14 15:03:30 - [TEST_STEP][PASSED] - waitForPageLoad: Wait for page load successfully

2018-08-14 15:03:30 - [MESSAGE][PASSED] - Wait for page load successfully

2018-08-14 15:03:30 - [TEST_STEP][PASSED] - setText: Text 'superadmin' is set on object 'Object Repository/Pages/Log In Page/input_username'

2018-08-14 15:03:30 - [MESSAGE][PASSED] - Text 'superadmin' is set on object 'Object Repository/Pages/Log In Page/input_username'

2018-08-14 15:03:30 - [TEST_STEP][PASSED] - setText: Text 'd7QUVg' is set on object 'Object Repository/Pages/Log In Page/input_password'

2018-08-14 15:03:31 - [MESSAGE][PASSED] - Text 'd7QUVg' is set on object 'Object Repository/Pages/Log In Page/input_password'

2018-08-14 15:03:31 - [TEST_STEP][PASSED] - click: Object: 'Object Repository/Pages/Log In Page/button_Login' is clicked on

2018-08-14 15:03:31 - [MESSAGE][PASSED] - Object: 'Object Repository/Pages/Log In Page/button_Login' is clicked on

2018-08-14 15:03:31 - [TEST_STEP][PASSED] - waitForPageLoad: Wait for page load successfully

2018-08-14 15:03:31 - [MESSAGE][PASSED] - Wait for page load successfully

2018-08-14 15:03:31 - [TEST_STEP][PASSED] - waitForElementNotPresent: Web element with id: 'Object Repository/Pages/Log In Page/button_Login' located by 'By.xpath: //*[@id='userlogin']//button' is not present after '20' second(s)

2018-08-14 15:03:44 - [MESSAGE][PASSED] - Web element with id: 'Object Repository/Pages/Log In Page/button_Login' located by 'By.xpath: //*[@id='userlogin']//button' is not present after '20' second(s)

2018-08-14 15:03:44 - [TEST_STEP][PASSED] - waitForElementVisible: Object 'Object Repository/Pages/TV Channels Page/heading_TV Channel' is visible

2018-08-14 15:03:44 - [MESSAGE][PASSED] - Object 'Object Repository/Pages/TV Channels Page/heading_TV Channel' is visible

2018-08-14 15:03:44 - [TEST_STEP][PASSED] - Statement - DashboardURL = com.kms.katalon.core.webui.keyword.WebUiBuiltInKeywords.getUrl(): Current window's url is: 'https://his-uat.digivalet.com/cms/tvchannel/manageTvchannel'

2018-08-14 15:03:44 - [MESSAGE][PASSED] - Current window's url is: 'https://his-uat.digivalet.com/cms/tvchannel/manageTvchannel'

2018-08-14 15:03:44 - [TEST_STEP][PASSED] - verifyMatch: Actual text 'https://his-uat.digivalet.com/cms/tvchannel/manageTvchannel' and expected text 'https://his-uat.digivalet.com/cms/tvchannel/manageTvchannel' are matched  using regular expression

2018-08-14 15:03:44 - [MESSAGE][PASSED] - Actual text 'https://his-uat.digivalet.com/cms/tvchannel/manageTvchannel' and expected text 'https://his-uat.digivalet.com/cms/tvchannel/manageTvchannel' are matched  using regular expression

2018-08-14 15:03:44 - [MESSAGE][PASSED] - Call Test Case 'Test Cases/Tests/Log In Tests/TC001_Log in_valid_user' successfully

2018-08-14 15:03:44 - [TEST_STEP][PASSED] - click: Object: 'Object Repository/Pages/Dashboard/a_Restaurants' is clicked on

2018-08-14 15:03:50 - [MESSAGE][PASSED] - Object: 'Object Repository/Pages/Dashboard/a_Restaurants' is clicked on

2018-08-14 15:03:50 - [TEST_STEP][PASSED] - waitForElementVisible: Object 'Object Repository/Pages/Restaurant Page/res_cell_first' is visible

2018-08-14 15:03:51 - [MESSAGE][PASSED] - Object 'Object Repository/Pages/Restaurant Page/res_cell_first' is visible

2018-08-14 15:03:51 - [TEST_STEP][PASSED] - click: Object: 'Object Repository/Pages/Restaurant Page/test_restaurant_cell' is clicked on

2018-08-14 15:03:51 - [MESSAGE][PASSED] - Object: 'Object Repository/Pages/Restaurant Page/test_restaurant_cell' is clicked on

2018-08-14 15:03:51 - [TEST_STEP][PASSED] - setText: Text 'Automation Test Edited' is set on object 'Object Repository/Pages/Restaurant Page/Edit Restaurant/input_edit_display_name'

2018-08-14 15:03:52 - [MESSAGE][PASSED] - Text 'Automation Test Edited' is set on object 'Object Repository/Pages/Restaurant Page/Edit Restaurant/input_edit_display_name'

2018-08-14 15:03:52 - [TEST_STEP][PASSED] - click: Object: 'Object Repository/Pages/Restaurant Page/Edit Restaurant/btn_next_step1' is clicked on

2018-08-14 15:03:52 - [MESSAGE][PASSED] - Object: 'Object Repository/Pages/Restaurant Page/Edit Restaurant/btn_next_step1' is clicked on

2018-08-14 15:03:52 - [TEST_STEP][PASSED] - delay: Delayed 2 second(s)

2018-08-14 15:03:54 - [MESSAGE][PASSED] - Delayed 2 second(s)

2018-08-14 15:03:54 - [TEST_STEP][PASSED] - click: Object: 'Object Repository/Pages/Restaurant Page/Edit Restaurant/btn_save_step2' is clicked on

2018-08-14 15:03:54 - [MESSAGE][PASSED] - Object: 'Object Repository/Pages/Restaurant Page/Edit Restaurant/btn_save_step2' is clicked on

2018-08-14 15:03:54 - [TEST_STEP][PASSED] - delay: Delayed 1 second(s)

2018-08-14 15:03:55 - [MESSAGE][PASSED] - Delayed 1 second(s)

2018-08-14 15:03:55 - [TEST_STEP][PASSED] - verifyElementPresent: Object 'Object Repository/Pages/Restaurant Page/Edit Restaurant/msg_update_restaurant_success' is present

2018-08-14 15:03:55 - [MESSAGE][PASSED] - Object 'Object Repository/Pages/Restaurant Page/Edit Restaurant/msg_update_restaurant_success' is present

2018-08-14 15:03:55 - [TEST_STEP][PASSED] - closeBrowser: Browser is closed

2018-08-14 15:03:55 - [MESSAGE][PASSED] - Browser is closed]]></system-out>
         <system-err><![CDATA[]]></system-err>
      </testcase>
      <testcase name="Test Cases/Tests/Restaurant Tests/TC_Restaurant_006" classname="Test Cases/Tests/Restaurant Tests/TC_Restaurant_006" status="PASSED">
         <system-out><![CDATA[2018-08-14 15:03:55 - [TEST_CASE][PASSED] - Test Cases/Tests/Restaurant Tests/TC_Restaurant_006: Test Cases/Tests/Restaurant Tests/TC_Restaurant_006

2018-08-14 15:03:56 - [TEST_STEP][PASSED] - callTestCase: Call Test Case 'Test Cases/Tests/Log In Tests/TC001_Log in_valid_user' successfully

2018-08-14 15:03:56 - [TEST_CASE][PASSED] - Test Cases/Tests/Log In Tests/TC001_Log in_valid_user: Test Cases/Tests/Log In Tests/TC001_Log in_valid_user

2018-08-14 15:03:56 - [TEST_STEP][PASSED] - openBrowser: Browser is opened with url: 'https://his-uat.digivalet.com/cms/dashboard/user/login'

2018-08-14 15:03:58 - [MESSAGE][PASSED] - Browser is opened with url: 'https://his-uat.digivalet.com/cms/dashboard/user/login'

2018-08-14 15:03:58 - [TEST_STEP][PASSED] - maximizeWindow: Current window maximized

2018-08-14 15:03:59 - [MESSAGE][PASSED] - Current window maximized

2018-08-14 15:03:59 - [TEST_STEP][PASSED] - waitForPageLoad: Wait for page load successfully

2018-08-14 15:03:59 - [MESSAGE][PASSED] - Wait for page load successfully

2018-08-14 15:03:59 - [TEST_STEP][PASSED] - setText: Text 'superadmin' is set on object 'Object Repository/Pages/Log In Page/input_username'

2018-08-14 15:03:59 - [MESSAGE][PASSED] - Text 'superadmin' is set on object 'Object Repository/Pages/Log In Page/input_username'

2018-08-14 15:03:59 - [TEST_STEP][PASSED] - setText: Text 'd7QUVg' is set on object 'Object Repository/Pages/Log In Page/input_password'

2018-08-14 15:03:59 - [MESSAGE][PASSED] - Text 'd7QUVg' is set on object 'Object Repository/Pages/Log In Page/input_password'

2018-08-14 15:03:59 - [TEST_STEP][PASSED] - click: Object: 'Object Repository/Pages/Log In Page/button_Login' is clicked on

2018-08-14 15:04:00 - [MESSAGE][PASSED] - Object: 'Object Repository/Pages/Log In Page/button_Login' is clicked on

2018-08-14 15:04:00 - [TEST_STEP][PASSED] - waitForPageLoad: Wait for page load successfully

2018-08-14 15:04:00 - [MESSAGE][PASSED] - Wait for page load successfully

2018-08-14 15:04:00 - [TEST_STEP][PASSED] - waitForElementNotPresent: Web element with id: 'Object Repository/Pages/Log In Page/button_Login' located by 'By.xpath: //*[@id='userlogin']//button' is not present after '20' second(s)

2018-08-14 15:04:02 - [MESSAGE][PASSED] - Web element with id: 'Object Repository/Pages/Log In Page/button_Login' located by 'By.xpath: //*[@id='userlogin']//button' is not present after '20' second(s)

2018-08-14 15:04:02 - [TEST_STEP][PASSED] - waitForElementVisible: Object 'Object Repository/Pages/TV Channels Page/heading_TV Channel' is visible

2018-08-14 15:04:03 - [MESSAGE][PASSED] - Object 'Object Repository/Pages/TV Channels Page/heading_TV Channel' is visible

2018-08-14 15:04:03 - [TEST_STEP][PASSED] - Statement - DashboardURL = com.kms.katalon.core.webui.keyword.WebUiBuiltInKeywords.getUrl(): Current window's url is: 'https://his-uat.digivalet.com/cms/tvchannel/manageTvchannel'

2018-08-14 15:04:03 - [MESSAGE][PASSED] - Current window's url is: 'https://his-uat.digivalet.com/cms/tvchannel/manageTvchannel'

2018-08-14 15:04:03 - [TEST_STEP][PASSED] - verifyMatch: Actual text 'https://his-uat.digivalet.com/cms/tvchannel/manageTvchannel' and expected text 'https://his-uat.digivalet.com/cms/tvchannel/manageTvchannel' are matched  using regular expression

2018-08-14 15:04:03 - [MESSAGE][PASSED] - Actual text 'https://his-uat.digivalet.com/cms/tvchannel/manageTvchannel' and expected text 'https://his-uat.digivalet.com/cms/tvchannel/manageTvchannel' are matched  using regular expression

2018-08-14 15:04:03 - [MESSAGE][PASSED] - Call Test Case 'Test Cases/Tests/Log In Tests/TC001_Log in_valid_user' successfully

2018-08-14 15:04:03 - [TEST_STEP][PASSED] - click: Object: 'Object Repository/Pages/Dashboard/a_Restaurants' is clicked on

2018-08-14 15:04:05 - [MESSAGE][PASSED] - Object: 'Object Repository/Pages/Dashboard/a_Restaurants' is clicked on

2018-08-14 15:04:05 - [TEST_STEP][PASSED] - waitForElementVisible: Object 'Object Repository/Pages/Restaurant Page/res_cell_first' is visible

2018-08-14 15:04:06 - [MESSAGE][PASSED] - Object 'Object Repository/Pages/Restaurant Page/res_cell_first' is visible

2018-08-14 15:04:06 - [TEST_STEP][PASSED] - click: Object: 'Object Repository/Pages/Restaurant Page/menu_3_dot_rest' is clicked on

2018-08-14 15:04:07 - [MESSAGE][PASSED] - Object: 'Object Repository/Pages/Restaurant Page/menu_3_dot_rest' is clicked on

2018-08-14 15:04:07 - [TEST_STEP][PASSED] - click: Object: 'Object Repository/Pages/Restaurant Page/Delete Restaurant/btn_delete_res_3_dot_menu' is clicked on

2018-08-14 15:04:07 - [MESSAGE][PASSED] - Object: 'Object Repository/Pages/Restaurant Page/Delete Restaurant/btn_delete_res_3_dot_menu' is clicked on

2018-08-14 15:04:07 - [TEST_STEP][PASSED] - verifyElementVisible: Object 'Object Repository/Pages/Restaurant Page/Delete Restaurant/delete_res_confirmation_dialog' is visible

2018-08-14 15:04:07 - [MESSAGE][PASSED] - Object 'Object Repository/Pages/Restaurant Page/Delete Restaurant/delete_res_confirmation_dialog' is visible

2018-08-14 15:04:07 - [TEST_STEP][PASSED] - click: Object: 'Object Repository/Pages/Restaurant Page/Delete Restaurant/Btn_yes_delete_res' is clicked on

2018-08-14 15:04:07 - [MESSAGE][PASSED] - Object: 'Object Repository/Pages/Restaurant Page/Delete Restaurant/Btn_yes_delete_res' is clicked on

2018-08-14 15:04:07 - [TEST_STEP][PASSED] - delay: Delayed 2 second(s)

2018-08-14 15:04:09 - [MESSAGE][PASSED] - Delayed 2 second(s)

2018-08-14 15:04:09 - [TEST_STEP][PASSED] - verifyElementPresent: Object 'Object Repository/Pages/Restaurant Page/Delete Restaurant/msg_delete_restaurant_success' is present

2018-08-14 15:04:09 - [MESSAGE][PASSED] - Object 'Object Repository/Pages/Restaurant Page/Delete Restaurant/msg_delete_restaurant_success' is present

2018-08-14 15:04:09 - [TEST_STEP][PASSED] - verifyElementNotPresent: Web element with id: 'Object Repository/Pages/Restaurant Page/test1_restaurant_cell' located by 'By.xpath: //div[@data-catname='automation test edited']/div/div[1]' is not present after '30' second(s)

2018-08-14 15:04:09 - [MESSAGE][WARNING] - Timeout '0' is invalid. Using default page load timeout: '30'

2018-08-14 15:04:09 - [MESSAGE][PASSED] - Web element with id: 'Object Repository/Pages/Restaurant Page/test1_restaurant_cell' located by 'By.xpath: //div[@data-catname='automation test edited']/div/div[1]' is not present after '30' second(s)

2018-08-14 15:04:09 - [TEST_STEP][PASSED] - closeBrowser: Browser is closed

2018-08-14 15:04:09 - [MESSAGE][PASSED] - Browser is closed]]></system-out>
         <system-err><![CDATA[]]></system-err>
      </testcase>
      <testcase name="Test Cases/Tests/Restaurant Tests/TC_Restaurant_007" classname="Test Cases/Tests/Restaurant Tests/TC_Restaurant_007" status="FAILED">
         <failure type="FAILED" message="Unable to click on object 'Object Repository/Pages/Restaurant Page/menu_3_dot_rest2' (Root cause: com.kms.katalon.core.webui.exception.WebElementNotFoundException: Web element with id: 'Object Repository/Pages/Restaurant Page/menu_3_dot_rest2' located by 'By.xpath: //div[@data-catname='automation test edited']/div/div[2]/div[3]' not found)"/>
         <system-out><![CDATA[2018-08-14 15:04:09 - [TEST_CASE][FAILED] - Test Cases/Tests/Restaurant Tests/TC_Restaurant_007: Test Cases/Tests/Restaurant Tests/TC_Restaurant_007 FAILED because (of) Unable to click on object 'Object Repository/Pages/Restaurant Page/menu_3_dot_rest2' (Root cause: com.kms.katalon.core.webui.exception.WebElementNotFoundException: Web element with id: 'Object Repository/Pages/Restaurant Page/menu_3_dot_rest2' located by 'By.xpath: //div[@data-catname='automation test edited']/div/div[2]/div[3]' not found)

2018-08-14 15:04:09 - [TEST_STEP][PASSED] - callTestCase: Call Test Case 'Test Cases/Tests/Log In Tests/TC001_Log in_valid_user' successfully

2018-08-14 15:04:09 - [TEST_CASE][PASSED] - Test Cases/Tests/Log In Tests/TC001_Log in_valid_user: Test Cases/Tests/Log In Tests/TC001_Log in_valid_user

2018-08-14 15:04:09 - [TEST_STEP][PASSED] - openBrowser: Browser is opened with url: 'https://his-uat.digivalet.com/cms/dashboard/user/login'

2018-08-14 15:04:12 - [MESSAGE][PASSED] - Browser is opened with url: 'https://his-uat.digivalet.com/cms/dashboard/user/login'

2018-08-14 15:04:12 - [TEST_STEP][PASSED] - maximizeWindow: Current window maximized

2018-08-14 15:04:12 - [MESSAGE][PASSED] - Current window maximized

2018-08-14 15:04:12 - [TEST_STEP][PASSED] - waitForPageLoad: Wait for page load successfully

2018-08-14 15:04:12 - [MESSAGE][PASSED] - Wait for page load successfully

2018-08-14 15:04:12 - [TEST_STEP][PASSED] - setText: Text 'superadmin' is set on object 'Object Repository/Pages/Log In Page/input_username'

2018-08-14 15:04:12 - [MESSAGE][PASSED] - Text 'superadmin' is set on object 'Object Repository/Pages/Log In Page/input_username'

2018-08-14 15:04:12 - [TEST_STEP][PASSED] - setText: Text 'd7QUVg' is set on object 'Object Repository/Pages/Log In Page/input_password'

2018-08-14 15:04:12 - [MESSAGE][PASSED] - Text 'd7QUVg' is set on object 'Object Repository/Pages/Log In Page/input_password'

2018-08-14 15:04:12 - [TEST_STEP][PASSED] - click: Object: 'Object Repository/Pages/Log In Page/button_Login' is clicked on

2018-08-14 15:04:13 - [MESSAGE][PASSED] - Object: 'Object Repository/Pages/Log In Page/button_Login' is clicked on

2018-08-14 15:04:13 - [TEST_STEP][PASSED] - waitForPageLoad: Wait for page load successfully

2018-08-14 15:04:13 - [MESSAGE][PASSED] - Wait for page load successfully

2018-08-14 15:04:13 - [TEST_STEP][PASSED] - waitForElementNotPresent: Web element with id: 'Object Repository/Pages/Log In Page/button_Login' located by 'By.xpath: //*[@id='userlogin']//button' is not present after '20' second(s)

2018-08-14 15:04:17 - [MESSAGE][PASSED] - Web element with id: 'Object Repository/Pages/Log In Page/button_Login' located by 'By.xpath: //*[@id='userlogin']//button' is not present after '20' second(s)

2018-08-14 15:04:17 - [TEST_STEP][PASSED] - waitForElementVisible: Object 'Object Repository/Pages/TV Channels Page/heading_TV Channel' is visible

2018-08-14 15:04:17 - [MESSAGE][PASSED] - Object 'Object Repository/Pages/TV Channels Page/heading_TV Channel' is visible

2018-08-14 15:04:17 - [TEST_STEP][PASSED] - Statement - DashboardURL = com.kms.katalon.core.webui.keyword.WebUiBuiltInKeywords.getUrl(): Current window's url is: 'https://his-uat.digivalet.com/cms/tvchannel/manageTvchannel'

2018-08-14 15:04:17 - [MESSAGE][PASSED] - Current window's url is: 'https://his-uat.digivalet.com/cms/tvchannel/manageTvchannel'

2018-08-14 15:04:17 - [TEST_STEP][PASSED] - verifyMatch: Actual text 'https://his-uat.digivalet.com/cms/tvchannel/manageTvchannel' and expected text 'https://his-uat.digivalet.com/cms/tvchannel/manageTvchannel' are matched  using regular expression

2018-08-14 15:04:17 - [MESSAGE][PASSED] - Actual text 'https://his-uat.digivalet.com/cms/tvchannel/manageTvchannel' and expected text 'https://his-uat.digivalet.com/cms/tvchannel/manageTvchannel' are matched  using regular expression

2018-08-14 15:04:17 - [MESSAGE][PASSED] - Call Test Case 'Test Cases/Tests/Log In Tests/TC001_Log in_valid_user' successfully

2018-08-14 15:04:17 - [TEST_STEP][PASSED] - click: Object: 'Object Repository/Pages/Dashboard/a_Restaurants' is clicked on

2018-08-14 15:04:18 - [MESSAGE][PASSED] - Object: 'Object Repository/Pages/Dashboard/a_Restaurants' is clicked on

2018-08-14 15:04:18 - [TEST_STEP][PASSED] - waitForElementVisible: Object 'Object Repository/Pages/Restaurant Page/res_cell_first' is visible

2018-08-14 15:04:20 - [MESSAGE][PASSED] - Object 'Object Repository/Pages/Restaurant Page/res_cell_first' is visible

2018-08-14 15:04:20 - [TEST_STEP][PASSED] - click: Object: 'Object Repository/Pages/Restaurant Page/btn_plus_restaurant' is clicked on

2018-08-14 15:04:20 - [MESSAGE][PASSED] - Object: 'Object Repository/Pages/Restaurant Page/btn_plus_restaurant' is clicked on

2018-08-14 15:04:20 - [TEST_STEP][PASSED] - setText: Text 'Automation Test' is set on object 'Object Repository/Pages/Restaurant Page/Add Restaurant/input_display_name'

2018-08-14 15:04:20 - [MESSAGE][PASSED] - Text 'Automation Test' is set on object 'Object Repository/Pages/Restaurant Page/Add Restaurant/input_display_name'

2018-08-14 15:04:20 - [TEST_STEP][PASSED] - setText: Text 'This is a test restaurant being added by automation script.' is set on object 'Object Repository/Pages/Restaurant Page/Add Restaurant/textarea_description'

2018-08-14 15:04:21 - [MESSAGE][PASSED] - Text 'This is a test restaurant being added by automation script.' is set on object 'Object Repository/Pages/Restaurant Page/Add Restaurant/textarea_description'

2018-08-14 15:04:21 - [TEST_STEP][PASSED] - uploadFile: File '/Users/apple/git/pbsl_digivalet_cms_tests/Images/Restaurant Image.jpg' sent to object: 'Object Repository/Pages/Restaurant Page/Add Restaurant/btn_upload_image'

2018-08-14 15:04:21 - [MESSAGE][PASSED] - File '/Users/apple/git/pbsl_digivalet_cms_tests/Images/Restaurant Image.jpg' sent to object: 'Object Repository/Pages/Restaurant Page/Add Restaurant/btn_upload_image'

2018-08-14 15:04:21 - [TEST_STEP][PASSED] - waitForElementVisible: Object 'Object Repository/Pages/Restaurant Page/Crop Image/btn_zoom_in' is visible

2018-08-14 15:04:21 - [MESSAGE][PASSED] - Object 'Object Repository/Pages/Restaurant Page/Crop Image/btn_zoom_in' is visible

2018-08-14 15:04:21 - [TEST_STEP][PASSED] - click: Object: 'Object Repository/Pages/Restaurant Page/Crop Image/btn_zoom_in' is clicked on

2018-08-14 15:04:21 - [MESSAGE][PASSED] - Object: 'Object Repository/Pages/Restaurant Page/Crop Image/btn_zoom_in' is clicked on

2018-08-14 15:04:21 - [TEST_STEP][PASSED] - click: Object: 'Object Repository/Pages/Restaurant Page/Crop Image/btn_zoom_in' is clicked on

2018-08-14 15:04:21 - [MESSAGE][PASSED] - Object: 'Object Repository/Pages/Restaurant Page/Crop Image/btn_zoom_in' is clicked on

2018-08-14 15:04:21 - [TEST_STEP][PASSED] - click: Object: 'Object Repository/Pages/Restaurant Page/Crop Image/btn_zoom_out' is clicked on

2018-08-14 15:04:21 - [MESSAGE][PASSED] - Object: 'Object Repository/Pages/Restaurant Page/Crop Image/btn_zoom_out' is clicked on

2018-08-14 15:04:21 - [TEST_STEP][PASSED] - click: Object: 'Object Repository/Pages/Restaurant Page/Crop Image/btn_zoom_out' is clicked on

2018-08-14 15:04:21 - [MESSAGE][PASSED] - Object: 'Object Repository/Pages/Restaurant Page/Crop Image/btn_zoom_out' is clicked on

2018-08-14 15:04:21 - [TEST_STEP][PASSED] - click: Object: 'Object Repository/Pages/Restaurant Page/Crop Image/btn_crop_image_done' is clicked on

2018-08-14 15:04:22 - [MESSAGE][PASSED] - Object: 'Object Repository/Pages/Restaurant Page/Crop Image/btn_crop_image_done' is clicked on

2018-08-14 15:04:22 - [TEST_STEP][PASSED] - waitForElementVisible: Object 'Object Repository/Pages/Restaurant Page/Add Restaurant/heading_add_restaurant' is visible

2018-08-14 15:04:22 - [MESSAGE][PASSED] - Object 'Object Repository/Pages/Restaurant Page/Add Restaurant/heading_add_restaurant' is visible

2018-08-14 15:04:22 - [TEST_STEP][PASSED] - click: Object: 'Object Repository/Pages/Restaurant Page/Add Restaurant/checkbox_smoking_yes' is clicked on

2018-08-14 15:04:23 - [MESSAGE][PASSED] - Object: 'Object Repository/Pages/Restaurant Page/Add Restaurant/checkbox_smoking_yes' is clicked on

2018-08-14 15:04:23 - [TEST_STEP][PASSED] - setText: Text '2nd Floor, Wing 'A'' is set on object 'Object Repository/Pages/Restaurant Page/Add Restaurant/input_restaurant_location'

2018-08-14 15:04:23 - [MESSAGE][PASSED] - Text '2nd Floor, Wing 'A'' is set on object 'Object Repository/Pages/Restaurant Page/Add Restaurant/input_restaurant_location'

2018-08-14 15:04:23 - [TEST_STEP][PASSED] - click: Object: 'Object Repository/Pages/Restaurant Page/Add Restaurant/dropdown_add_menu_default' is clicked on

2018-08-14 15:04:23 - [MESSAGE][PASSED] - Object: 'Object Repository/Pages/Restaurant Page/Add Restaurant/dropdown_add_menu_default' is clicked on

2018-08-14 15:04:23 - [TEST_STEP][PASSED] - click: Object: 'Object Repository/Pages/Restaurant Page/Add Restaurant/value_add_dress_code' is clicked on

2018-08-14 15:04:23 - [MESSAGE][PASSED] - Object: 'Object Repository/Pages/Restaurant Page/Add Restaurant/value_add_dress_code' is clicked on

2018-08-14 15:04:23 - [TEST_STEP][PASSED] - setText: Text 'Dress Code' is set on object 'Object Repository/Pages/Restaurant Page/Add Restaurant/input_text_title_default'

2018-08-14 15:04:24 - [MESSAGE][PASSED] - Text 'Dress Code' is set on object 'Object Repository/Pages/Restaurant Page/Add Restaurant/input_text_title_default'

2018-08-14 15:04:24 - [TEST_STEP][PASSED] - setText: Text 'Formals' is set on object 'Object Repository/Pages/Restaurant Page/Add Restaurant/input_text_value_default'

2018-08-14 15:04:24 - [MESSAGE][PASSED] - Text 'Formals' is set on object 'Object Repository/Pages/Restaurant Page/Add Restaurant/input_text_value_default'

2018-08-14 15:04:24 - [TEST_STEP][PASSED] - click: Object: 'Object Repository/Pages/Restaurant Page/Add Restaurant/btn_next' is clicked on

2018-08-14 15:04:24 - [MESSAGE][PASSED] - Object: 'Object Repository/Pages/Restaurant Page/Add Restaurant/btn_next' is clicked on

2018-08-14 15:04:24 - [TEST_STEP][PASSED] - waitForElementVisible: Object 'Object Repository/Pages/Restaurant Page/Apply Filters/heading_apply_filters' is visible

2018-08-14 15:04:25 - [MESSAGE][PASSED] - Object 'Object Repository/Pages/Restaurant Page/Apply Filters/heading_apply_filters' is visible

2018-08-14 15:04:25 - [TEST_STEP][PASSED] - waitForElementVisible: Object 'Object Repository/Pages/Restaurant Page/Apply Filters/div_filters' is visible

2018-08-14 15:04:25 - [MESSAGE][PASSED] - Object 'Object Repository/Pages/Restaurant Page/Apply Filters/div_filters' is visible

2018-08-14 15:04:25 - [TEST_STEP][PASSED] - click: Object: 'Object Repository/Pages/Restaurant Page/Apply Filters/input_open_status' is clicked on

2018-08-14 15:04:25 - [MESSAGE][PASSED] - Object: 'Object Repository/Pages/Restaurant Page/Apply Filters/input_open_status' is clicked on

2018-08-14 15:04:25 - [TEST_STEP][PASSED] - click: Object: 'Object Repository/Pages/Restaurant Page/Apply Filters/option_allTime' is clicked on

2018-08-14 15:04:25 - [MESSAGE][PASSED] - Object: 'Object Repository/Pages/Restaurant Page/Apply Filters/option_allTime' is clicked on

2018-08-14 15:04:25 - [TEST_STEP][PASSED] - click: Object: 'Object Repository/Pages/Restaurant Page/Apply Filters/input_cuisine' is clicked on

2018-08-14 15:04:25 - [MESSAGE][PASSED] - Object: 'Object Repository/Pages/Restaurant Page/Apply Filters/input_cuisine' is clicked on

2018-08-14 15:04:25 - [TEST_STEP][PASSED] - click: Object: 'Object Repository/Pages/Restaurant Page/Apply Filters/option_all' is clicked on

2018-08-14 15:04:25 - [MESSAGE][PASSED] - Object: 'Object Repository/Pages/Restaurant Page/Apply Filters/option_all' is clicked on

2018-08-14 15:04:25 - [TEST_STEP][PASSED] - click: Object: 'Object Repository/Pages/Restaurant Page/Apply Filters/input_meal_type' is clicked on

2018-08-14 15:04:25 - [MESSAGE][PASSED] - Object: 'Object Repository/Pages/Restaurant Page/Apply Filters/input_meal_type' is clicked on

2018-08-14 15:04:25 - [TEST_STEP][PASSED] - click: Object: 'Object Repository/Pages/Restaurant Page/Apply Filters/option_breakfast' is clicked on

2018-08-14 15:04:25 - [MESSAGE][PASSED] - Object: 'Object Repository/Pages/Restaurant Page/Apply Filters/option_breakfast' is clicked on

2018-08-14 15:04:25 - [TEST_STEP][PASSED] - click: Object: 'Object Repository/Pages/Restaurant Page/Apply Filters/meal_type_start_time' is clicked on

2018-08-14 15:04:26 - [MESSAGE][PASSED] - Object: 'Object Repository/Pages/Restaurant Page/Apply Filters/meal_type_start_time' is clicked on

2018-08-14 15:04:26 - [TEST_STEP][PASSED] - click: Object: 'Object Repository/Pages/Restaurant Page/Apply Filters/pick_hours' is clicked on

2018-08-14 15:04:26 - [MESSAGE][PASSED] - Object: 'Object Repository/Pages/Restaurant Page/Apply Filters/pick_hours' is clicked on

2018-08-14 15:04:26 - [TEST_STEP][PASSED] - click: Object: 'Object Repository/Pages/Restaurant Page/Apply Filters/hour_09' is clicked on

2018-08-14 15:04:26 - [MESSAGE][PASSED] - Object: 'Object Repository/Pages/Restaurant Page/Apply Filters/hour_09' is clicked on

2018-08-14 15:04:26 - [TEST_STEP][PASSED] - click: Object: 'Object Repository/Pages/Restaurant Page/Apply Filters/pick_minutes' is clicked on

2018-08-14 15:04:26 - [MESSAGE][PASSED] - Object: 'Object Repository/Pages/Restaurant Page/Apply Filters/pick_minutes' is clicked on

2018-08-14 15:04:26 - [TEST_STEP][PASSED] - click: Object: 'Object Repository/Pages/Restaurant Page/Apply Filters/minute_00' is clicked on

2018-08-14 15:04:26 - [MESSAGE][PASSED] - Object: 'Object Repository/Pages/Restaurant Page/Apply Filters/minute_00' is clicked on

2018-08-14 15:04:26 - [TEST_STEP][PASSED] - click: Object: 'Object Repository/Pages/Restaurant Page/Apply Filters/btn_AM_PM' is clicked on

2018-08-14 15:04:26 - [MESSAGE][PASSED] - Object: 'Object Repository/Pages/Restaurant Page/Apply Filters/btn_AM_PM' is clicked on

2018-08-14 15:04:26 - [TEST_STEP][PASSED] - click: Object: 'Object Repository/Pages/Restaurant Page/Apply Filters/meal_type_end_time' is clicked on

2018-08-14 15:04:26 - [MESSAGE][PASSED] - Object: 'Object Repository/Pages/Restaurant Page/Apply Filters/meal_type_end_time' is clicked on

2018-08-14 15:04:26 - [TEST_STEP][PASSED] - click: Object: 'Object Repository/Pages/Restaurant Page/Apply Filters/pick_hours' is clicked on

2018-08-14 15:04:26 - [MESSAGE][PASSED] - Object: 'Object Repository/Pages/Restaurant Page/Apply Filters/pick_hours' is clicked on

2018-08-14 15:04:26 - [TEST_STEP][PASSED] - click: Object: 'Object Repository/Pages/Restaurant Page/Apply Filters/hour_11' is clicked on

2018-08-14 15:04:26 - [MESSAGE][PASSED] - Object: 'Object Repository/Pages/Restaurant Page/Apply Filters/hour_11' is clicked on

2018-08-14 15:04:26 - [TEST_STEP][PASSED] - click: Object: 'Object Repository/Pages/Restaurant Page/Apply Filters/pick_minutes' is clicked on

2018-08-14 15:04:27 - [MESSAGE][PASSED] - Object: 'Object Repository/Pages/Restaurant Page/Apply Filters/pick_minutes' is clicked on

2018-08-14 15:04:27 - [TEST_STEP][PASSED] - click: Object: 'Object Repository/Pages/Restaurant Page/Apply Filters/minute_00' is clicked on

2018-08-14 15:04:27 - [MESSAGE][PASSED] - Object: 'Object Repository/Pages/Restaurant Page/Apply Filters/minute_00' is clicked on

2018-08-14 15:04:27 - [TEST_STEP][PASSED] - click: Object: 'Object Repository/Pages/Restaurant Page/Apply Filters/btn_AM_PM' is clicked on

2018-08-14 15:04:27 - [MESSAGE][PASSED] - Object: 'Object Repository/Pages/Restaurant Page/Apply Filters/btn_AM_PM' is clicked on

2018-08-14 15:04:27 - [TEST_STEP][PASSED] - click: Object: 'Object Repository/Pages/Restaurant Page/Apply Filters/btn_save' is clicked on

2018-08-14 15:04:27 - [MESSAGE][PASSED] - Object: 'Object Repository/Pages/Restaurant Page/Apply Filters/btn_save' is clicked on

2018-08-14 15:04:27 - [TEST_STEP][PASSED] - verifyElementVisible: Object 'Object Repository/Pages/Restaurant Page/msg_add_restaurant_success' is visible

2018-08-14 15:04:28 - [MESSAGE][PASSED] - Object 'Object Repository/Pages/Restaurant Page/msg_add_restaurant_success' is visible

2018-08-14 15:04:28 - [TEST_STEP][PASSED] - delay: Delayed 1 second(s)

2018-08-14 15:04:29 - [MESSAGE][PASSED] - Delayed 1 second(s)

2018-08-14 15:04:29 - [TEST_STEP][PASSED] - click: Object: 'Object Repository/Pages/Dashboard/a_Restaurants' is clicked on

2018-08-14 15:04:30 - [MESSAGE][PASSED] - Object: 'Object Repository/Pages/Dashboard/a_Restaurants' is clicked on

2018-08-14 15:04:30 - [TEST_STEP][PASSED] - waitForElementVisible: Object 'Object Repository/Pages/Restaurant Page/res_cell_first' is visible

2018-08-14 15:04:31 - [MESSAGE][PASSED] - Object 'Object Repository/Pages/Restaurant Page/res_cell_first' is visible

2018-08-14 15:04:31 - [TEST_STEP][PASSED] - verifyElementPresent: Object 'Object Repository/Pages/Restaurant Page/restaurant_name' is present

2018-08-14 15:04:31 - [MESSAGE][PASSED] - Object 'Object Repository/Pages/Restaurant Page/restaurant_name' is present

2018-08-14 15:04:31 - [TEST_STEP][PASSED] - Statement - RestaurantName = com.kms.katalon.core.webui.keyword.WebUiBuiltInKeywords.getAttribute(com.kms.katalon.core.testobject.ObjectRepository.findTestObject(Pages/Restaurant Page/restaurant_name), "title"): Attribute 'title' of object 'Object Repository/Pages/Restaurant Page/restaurant_name' is: 'Automation Test'

2018-08-14 15:04:31 - [MESSAGE][PASSED] - Attribute 'title' of object 'Object Repository/Pages/Restaurant Page/restaurant_name' is: 'Automation Test'

2018-08-14 15:04:31 - [TEST_STEP][PASSED] - verifyMatch: Actual text 'Automation Test' and expected text 'Automation Test' are matched 

2018-08-14 15:04:31 - [MESSAGE][PASSED] - Actual text 'Automation Test' and expected text 'Automation Test' are matched 

2018-08-14 15:04:31 - [TEST_STEP][FAILED] - click: Unable to click on object 'Object Repository/Pages/Restaurant Page/menu_3_dot_rest2' (Root cause: com.kms.katalon.core.webui.exception.WebElementNotFoundException: Web element with id: 'Object Repository/Pages/Restaurant Page/menu_3_dot_rest2' located by 'By.xpath: //div[@data-catname='automation test edited']/div/div[2]/div[3]' not found)

2018-08-14 15:05:02 - [MESSAGE][FAILED] - Unable to click on object 'Object Repository/Pages/Restaurant Page/menu_3_dot_rest2' (Root cause: com.kms.katalon.core.webui.exception.WebElementNotFoundException: Web element with id: 'Object Repository/Pages/Restaurant Page/menu_3_dot_rest2' located by 'By.xpath: //div[@data-catname='automation test edited']/div/div[2]/div[3]' not found)
[[ATTACHMENT|/Users/apple/git/pbsl_digivalet_cms_tests/Reports/Restaurant Tests/20180814_150205/1534239302008.png]]]]></system-out>
         <system-err><![CDATA[2018-08-14 15:04:09 - [TEST_CASE][FAILED] - Test Cases/Tests/Restaurant Tests/TC_Restaurant_007: Test Cases/Tests/Restaurant Tests/TC_Restaurant_007 FAILED because (of) Unable to click on object 'Object Repository/Pages/Restaurant Page/menu_3_dot_rest2' (Root cause: com.kms.katalon.core.webui.exception.WebElementNotFoundException: Web element with id: 'Object Repository/Pages/Restaurant Page/menu_3_dot_rest2' located by 'By.xpath: //div[@data-catname='automation test edited']/div/div[2]/div[3]' not found)]]></system-err>
      </testcase>
      <testcase name="Test Cases/Tests/Restaurant Tests/TC_Restaurant_008" classname="Test Cases/Tests/Restaurant Tests/TC_Restaurant_008" status="PASSED">
         <system-out><![CDATA[2018-08-14 15:05:02 - [TEST_CASE][PASSED] - Test Cases/Tests/Restaurant Tests/TC_Restaurant_008: Test Cases/Tests/Restaurant Tests/TC_Restaurant_008

2018-08-14 15:05:02 - [TEST_STEP][PASSED] - callTestCase: Call Test Case 'Test Cases/Tests/Log In Tests/TC001_Log in_valid_user' successfully

2018-08-14 15:05:03 - [TEST_CASE][PASSED] - Test Cases/Tests/Log In Tests/TC001_Log in_valid_user: Test Cases/Tests/Log In Tests/TC001_Log in_valid_user

2018-08-14 15:05:03 - [TEST_STEP][PASSED] - openBrowser: Browser is opened with url: 'https://his-uat.digivalet.com/cms/dashboard/user/login'

2018-08-14 15:05:03 - [MESSAGE][WARNING] - A browser is already opened. Closing browser and opening a new one

2018-08-14 15:05:05 - [MESSAGE][PASSED] - Browser is opened with url: 'https://his-uat.digivalet.com/cms/dashboard/user/login'

2018-08-14 15:05:05 - [TEST_STEP][PASSED] - maximizeWindow: Current window maximized

2018-08-14 15:05:05 - [MESSAGE][PASSED] - Current window maximized

2018-08-14 15:05:05 - [TEST_STEP][PASSED] - waitForPageLoad: Wait for page load successfully

2018-08-14 15:05:05 - [MESSAGE][PASSED] - Wait for page load successfully

2018-08-14 15:05:05 - [TEST_STEP][PASSED] - setText: Text 'superadmin' is set on object 'Object Repository/Pages/Log In Page/input_username'

2018-08-14 15:05:06 - [MESSAGE][PASSED] - Text 'superadmin' is set on object 'Object Repository/Pages/Log In Page/input_username'

2018-08-14 15:05:06 - [TEST_STEP][PASSED] - setText: Text 'd7QUVg' is set on object 'Object Repository/Pages/Log In Page/input_password'

2018-08-14 15:05:06 - [MESSAGE][PASSED] - Text 'd7QUVg' is set on object 'Object Repository/Pages/Log In Page/input_password'

2018-08-14 15:05:06 - [TEST_STEP][PASSED] - click: Object: 'Object Repository/Pages/Log In Page/button_Login' is clicked on

2018-08-14 15:05:06 - [MESSAGE][PASSED] - Object: 'Object Repository/Pages/Log In Page/button_Login' is clicked on

2018-08-14 15:05:06 - [TEST_STEP][PASSED] - waitForPageLoad: Wait for page load successfully

2018-08-14 15:05:06 - [MESSAGE][PASSED] - Wait for page load successfully

2018-08-14 15:05:06 - [TEST_STEP][PASSED] - waitForElementNotPresent: Web element with id: 'Object Repository/Pages/Log In Page/button_Login' located by 'By.xpath: //*[@id='userlogin']//button' is not present after '20' second(s)

2018-08-14 15:05:11 - [MESSAGE][PASSED] - Web element with id: 'Object Repository/Pages/Log In Page/button_Login' located by 'By.xpath: //*[@id='userlogin']//button' is not present after '20' second(s)

2018-08-14 15:05:11 - [TEST_STEP][PASSED] - waitForElementVisible: Object 'Object Repository/Pages/TV Channels Page/heading_TV Channel' is visible

2018-08-14 15:05:11 - [MESSAGE][PASSED] - Object 'Object Repository/Pages/TV Channels Page/heading_TV Channel' is visible

2018-08-14 15:05:11 - [TEST_STEP][PASSED] - Statement - DashboardURL = com.kms.katalon.core.webui.keyword.WebUiBuiltInKeywords.getUrl(): Current window's url is: 'https://his-uat.digivalet.com/cms/tvchannel/manageTvchannel'

2018-08-14 15:05:11 - [MESSAGE][PASSED] - Current window's url is: 'https://his-uat.digivalet.com/cms/tvchannel/manageTvchannel'

2018-08-14 15:05:11 - [TEST_STEP][PASSED] - verifyMatch: Actual text 'https://his-uat.digivalet.com/cms/tvchannel/manageTvchannel' and expected text 'https://his-uat.digivalet.com/cms/tvchannel/manageTvchannel' are matched  using regular expression

2018-08-14 15:05:11 - [MESSAGE][PASSED] - Actual text 'https://his-uat.digivalet.com/cms/tvchannel/manageTvchannel' and expected text 'https://his-uat.digivalet.com/cms/tvchannel/manageTvchannel' are matched  using regular expression

2018-08-14 15:05:11 - [MESSAGE][PASSED] - Call Test Case 'Test Cases/Tests/Log In Tests/TC001_Log in_valid_user' successfully

2018-08-14 15:05:11 - [TEST_STEP][PASSED] - click: Object: 'Object Repository/Pages/Dashboard/a_Restaurants' is clicked on

2018-08-14 15:05:12 - [MESSAGE][PASSED] - Object: 'Object Repository/Pages/Dashboard/a_Restaurants' is clicked on

2018-08-14 15:05:12 - [TEST_STEP][PASSED] - waitForElementVisible: Object 'Object Repository/Pages/Restaurant Page/res_cell_first' is visible

2018-08-14 15:05:13 - [MESSAGE][PASSED] - Object 'Object Repository/Pages/Restaurant Page/res_cell_first' is visible

2018-08-14 15:05:13 - [TEST_STEP][PASSED] - click: Object: 'Object Repository/Pages/Restaurant Page/btn_plus_restaurant' is clicked on

2018-08-14 15:05:14 - [MESSAGE][PASSED] - Object: 'Object Repository/Pages/Restaurant Page/btn_plus_restaurant' is clicked on

2018-08-14 15:05:14 - [TEST_STEP][PASSED] - uploadFile: File '/Users/apple/git/pbsl_digivalet_cms_tests/Images/Restaurant Image.jpg' sent to object: 'Object Repository/Pages/Restaurant Page/Add Restaurant/btn_upload_image'

2018-08-14 15:05:14 - [MESSAGE][PASSED] - File '/Users/apple/git/pbsl_digivalet_cms_tests/Images/Restaurant Image.jpg' sent to object: 'Object Repository/Pages/Restaurant Page/Add Restaurant/btn_upload_image'

2018-08-14 15:05:14 - [TEST_STEP][PASSED] - waitForElementVisible: Object 'Object Repository/Pages/Restaurant Page/Crop Image/btn_zoom_in' is visible

2018-08-14 15:05:14 - [MESSAGE][PASSED] - Object 'Object Repository/Pages/Restaurant Page/Crop Image/btn_zoom_in' is visible

2018-08-14 15:05:14 - [TEST_STEP][PASSED] - click: Object: 'Object Repository/Pages/Restaurant Page/Crop Image/btn_zoom_in' is clicked on

2018-08-14 15:05:14 - [MESSAGE][PASSED] - Object: 'Object Repository/Pages/Restaurant Page/Crop Image/btn_zoom_in' is clicked on

2018-08-14 15:05:14 - [TEST_STEP][PASSED] - click: Object: 'Object Repository/Pages/Restaurant Page/Crop Image/btn_zoom_out' is clicked on

2018-08-14 15:05:14 - [MESSAGE][PASSED] - Object: 'Object Repository/Pages/Restaurant Page/Crop Image/btn_zoom_out' is clicked on

2018-08-14 15:05:14 - [TEST_STEP][PASSED] - delay: Delayed 2 second(s)

2018-08-14 15:05:16 - [MESSAGE][PASSED] - Delayed 2 second(s)

2018-08-14 15:05:16 - [TEST_STEP][PASSED] - click: Object: 'Object Repository/Pages/Restaurant Page/Crop Image/btn_crop_image_done' is clicked on

2018-08-14 15:05:17 - [MESSAGE][PASSED] - Object: 'Object Repository/Pages/Restaurant Page/Crop Image/btn_crop_image_done' is clicked on

2018-08-14 15:05:17 - [TEST_STEP][PASSED] - waitForElementVisible: Object 'Object Repository/Pages/Restaurant Page/Add Restaurant/heading_add_restaurant' is visible

2018-08-14 15:05:17 - [MESSAGE][PASSED] - Object 'Object Repository/Pages/Restaurant Page/Add Restaurant/heading_add_restaurant' is visible

2018-08-14 15:05:17 - [TEST_STEP][PASSED] - verifyElementText: Actual text and expected text of test object 'Object Repository/Pages/Restaurant Page/Add Restaurant/text_displayname_step1' are matched.

2018-08-14 15:05:17 - [MESSAGE][PASSED] - Actual text and expected text of test object 'Object Repository/Pages/Restaurant Page/Add Restaurant/text_displayname_step1' are matched.

2018-08-14 15:05:17 - [TEST_STEP][PASSED] - verifyElementText: Actual text and expected text of test object 'Object Repository/Pages/Restaurant Page/Add Restaurant/text_description_step1' are matched.

2018-08-14 15:05:17 - [MESSAGE][PASSED] - Actual text and expected text of test object 'Object Repository/Pages/Restaurant Page/Add Restaurant/text_description_step1' are matched.

2018-08-14 15:05:17 - [TEST_STEP][PASSED] - verifyElementText: Actual text and expected text of test object 'Object Repository/Pages/Restaurant Page/Add Restaurant/text_image_step1' are matched.

2018-08-14 15:05:17 - [MESSAGE][PASSED] - Actual text and expected text of test object 'Object Repository/Pages/Restaurant Page/Add Restaurant/text_image_step1' are matched.

2018-08-14 15:05:17 - [TEST_STEP][PASSED] - verifyElementText: Actual text and expected text of test object 'Object Repository/Pages/Restaurant Page/Add Restaurant/text_reservation_allowed_step1' are matched.

2018-08-14 15:05:17 - [MESSAGE][PASSED] - Actual text and expected text of test object 'Object Repository/Pages/Restaurant Page/Add Restaurant/text_reservation_allowed_step1' are matched.

2018-08-14 15:05:17 - [TEST_STEP][PASSED] - verifyElementText: Actual text and expected text of test object 'Object Repository/Pages/Restaurant Page/Add Restaurant/text_opening_hours' are matched.

2018-08-14 15:05:17 - [MESSAGE][PASSED] - Actual text and expected text of test object 'Object Repository/Pages/Restaurant Page/Add Restaurant/text_opening_hours' are matched.

2018-08-14 15:05:17 - [TEST_STEP][PASSED] - verifyElementText: Actual text and expected text of test object 'Object Repository/Pages/Restaurant Page/Add Restaurant/text_smoking' are matched.

2018-08-14 15:05:17 - [MESSAGE][PASSED] - Actual text and expected text of test object 'Object Repository/Pages/Restaurant Page/Add Restaurant/text_smoking' are matched.

2018-08-14 15:05:17 - [TEST_STEP][PASSED] - verifyElementText: Actual text and expected text of test object 'Object Repository/Pages/Restaurant Page/Add Restaurant/text_location_step1' are matched.

2018-08-14 15:05:17 - [MESSAGE][PASSED] - Actual text and expected text of test object 'Object Repository/Pages/Restaurant Page/Add Restaurant/text_location_step1' are matched.

2018-08-14 15:05:17 - [TEST_STEP][PASSED] - click: Object: 'Object Repository/Pages/Restaurant Page/Add Restaurant/dropdown_add_menu_default' is clicked on

2018-08-14 15:05:18 - [MESSAGE][PASSED] - Object: 'Object Repository/Pages/Restaurant Page/Add Restaurant/dropdown_add_menu_default' is clicked on

2018-08-14 15:05:18 - [TEST_STEP][PASSED] - verifyElementPresent: Object 'Object Repository/Pages/Restaurant Page/Add Restaurant/value_add_menu' is present

2018-08-14 15:05:18 - [MESSAGE][PASSED] - Object 'Object Repository/Pages/Restaurant Page/Add Restaurant/value_add_menu' is present

2018-08-14 15:05:18 - [TEST_STEP][PASSED] - verifyElementPresent: Object 'Object Repository/Pages/Restaurant Page/Add Restaurant/value_add_dress_code' is present

2018-08-14 15:05:18 - [MESSAGE][PASSED] - Object 'Object Repository/Pages/Restaurant Page/Add Restaurant/value_add_dress_code' is present

2018-08-14 15:05:18 - [TEST_STEP][PASSED] - verifyElementPresent: Object 'Object Repository/Pages/Restaurant Page/Add Restaurant/value_add_URL' is present

2018-08-14 15:05:18 - [MESSAGE][PASSED] - Object 'Object Repository/Pages/Restaurant Page/Add Restaurant/value_add_URL' is present

2018-08-14 15:05:18 - [TEST_STEP][PASSED] - verifyElementPresent: Object 'Object Repository/Pages/Restaurant Page/Add Restaurant/value_add_video' is present

2018-08-14 15:05:18 - [MESSAGE][PASSED] - Object 'Object Repository/Pages/Restaurant Page/Add Restaurant/value_add_video' is present

2018-08-14 15:05:18 - [TEST_STEP][PASSED] - verifyElementPresent: Object 'Object Repository/Pages/Restaurant Page/Add Restaurant/value_add_custom' is present

2018-08-14 15:05:18 - [MESSAGE][PASSED] - Object 'Object Repository/Pages/Restaurant Page/Add Restaurant/value_add_custom' is present

2018-08-14 15:05:18 - [TEST_STEP][PASSED] - click: Object: 'Object Repository/Pages/Restaurant Page/Add Restaurant/btn_next' is clicked on

2018-08-14 15:05:18 - [MESSAGE][PASSED] - Object: 'Object Repository/Pages/Restaurant Page/Add Restaurant/btn_next' is clicked on

2018-08-14 15:05:18 - [TEST_STEP][PASSED] - waitForElementVisible: Object 'Object Repository/Pages/Restaurant Page/Add Restaurant/heading_apply_filters' is visible

2018-08-14 15:05:18 - [MESSAGE][PASSED] - Object 'Object Repository/Pages/Restaurant Page/Add Restaurant/heading_apply_filters' is visible

2018-08-14 15:05:18 - [TEST_STEP][PASSED] - verifyElementText: Actual text and expected text of test object 'Object Repository/Pages/Restaurant Page/Add Restaurant/text_open_status_step2' are matched.

2018-08-14 15:05:19 - [MESSAGE][PASSED] - Actual text and expected text of test object 'Object Repository/Pages/Restaurant Page/Add Restaurant/text_open_status_step2' are matched.

2018-08-14 15:05:19 - [TEST_STEP][PASSED] - verifyElementText: Actual text and expected text of test object 'Object Repository/Pages/Restaurant Page/Add Restaurant/text_cuisine_step2' are matched.

2018-08-14 15:05:19 - [MESSAGE][PASSED] - Actual text and expected text of test object 'Object Repository/Pages/Restaurant Page/Add Restaurant/text_cuisine_step2' are matched.

2018-08-14 15:05:19 - [TEST_STEP][PASSED] - verifyElementText: Actual text and expected text of test object 'Object Repository/Pages/Restaurant Page/Add Restaurant/text_meal_type_step2' are matched.

2018-08-14 15:05:19 - [MESSAGE][PASSED] - Actual text and expected text of test object 'Object Repository/Pages/Restaurant Page/Add Restaurant/text_meal_type_step2' are matched.

2018-08-14 15:05:19 - [TEST_STEP][PASSED] - click: Object: 'Object Repository/Pages/Restaurant Page/Apply Filters/btn_dismiss_modal_step2' is clicked on

2018-08-14 15:05:19 - [MESSAGE][PASSED] - Object: 'Object Repository/Pages/Restaurant Page/Apply Filters/btn_dismiss_modal_step2' is clicked on

2018-08-14 15:05:19 - [TEST_STEP][PASSED] - closeBrowser: Browser is closed

2018-08-14 15:05:19 - [MESSAGE][PASSED] - Browser is closed]]></system-out>
         <system-err><![CDATA[]]></system-err>
      </testcase>
      <testcase name="Test Cases/Tests/Restaurant Tests/TC_Restaurant_009" classname="Test Cases/Tests/Restaurant Tests/TC_Restaurant_009" status="PASSED">
         <system-out><![CDATA[2018-08-14 15:05:19 - [TEST_CASE][PASSED] - Test Cases/Tests/Restaurant Tests/TC_Restaurant_009: Test Cases/Tests/Restaurant Tests/TC_Restaurant_009

2018-08-14 15:05:19 - [TEST_STEP][PASSED] - callTestCase: Call Test Case 'Test Cases/Tests/Log In Tests/TC001_Log in_valid_user' successfully

2018-08-14 15:05:19 - [TEST_CASE][PASSED] - Test Cases/Tests/Log In Tests/TC001_Log in_valid_user: Test Cases/Tests/Log In Tests/TC001_Log in_valid_user

2018-08-14 15:05:19 - [TEST_STEP][PASSED] - openBrowser: Browser is opened with url: 'https://his-uat.digivalet.com/cms/dashboard/user/login'

2018-08-14 15:05:21 - [MESSAGE][PASSED] - Browser is opened with url: 'https://his-uat.digivalet.com/cms/dashboard/user/login'

2018-08-14 15:05:21 - [TEST_STEP][PASSED] - maximizeWindow: Current window maximized

2018-08-14 15:05:22 - [MESSAGE][PASSED] - Current window maximized

2018-08-14 15:05:22 - [TEST_STEP][PASSED] - waitForPageLoad: Wait for page load successfully

2018-08-14 15:05:22 - [MESSAGE][PASSED] - Wait for page load successfully

2018-08-14 15:05:22 - [TEST_STEP][PASSED] - setText: Text 'superadmin' is set on object 'Object Repository/Pages/Log In Page/input_username'

2018-08-14 15:05:22 - [MESSAGE][PASSED] - Text 'superadmin' is set on object 'Object Repository/Pages/Log In Page/input_username'

2018-08-14 15:05:22 - [TEST_STEP][PASSED] - setText: Text 'd7QUVg' is set on object 'Object Repository/Pages/Log In Page/input_password'

2018-08-14 15:05:22 - [MESSAGE][PASSED] - Text 'd7QUVg' is set on object 'Object Repository/Pages/Log In Page/input_password'

2018-08-14 15:05:22 - [TEST_STEP][PASSED] - click: Object: 'Object Repository/Pages/Log In Page/button_Login' is clicked on

2018-08-14 15:05:22 - [MESSAGE][PASSED] - Object: 'Object Repository/Pages/Log In Page/button_Login' is clicked on

2018-08-14 15:05:22 - [TEST_STEP][PASSED] - waitForPageLoad: Wait for page load successfully

2018-08-14 15:05:22 - [MESSAGE][PASSED] - Wait for page load successfully

2018-08-14 15:05:22 - [TEST_STEP][PASSED] - waitForElementNotPresent: Web element with id: 'Object Repository/Pages/Log In Page/button_Login' located by 'By.xpath: //*[@id='userlogin']//button' is not present after '20' second(s)

[...]

2018-08-14 15:16:36 - [MESSAGE][PASSED] - Actual text 'https://his-uat.digivalet.com/cms/tvchannel/manageTvchannel' and expected text 'https://his-uat.digivalet.com/cms/tvchannel/manageTvchannel' are matched  using regular expression

2018-08-14 15:16:36 - [MESSAGE][PASSED] - Call Test Case 'Test Cases/Tests/Log In Tests/TC001_Log in_valid_user' successfully

2018-08-14 15:16:36 - [TEST_STEP][PASSED] - click: Object: 'Object Repository/Pages/Dashboard/a_Restaurants' is clicked on

2018-08-14 15:16:37 - [MESSAGE][PASSED] - Object: 'Object Repository/Pages/Dashboard/a_Restaurants' is clicked on

2018-08-14 15:16:37 - [TEST_STEP][PASSED] - waitForElementVisible: Object 'Object Repository/Pages/Restaurant Page/res_cell_first' is visible

2018-08-14 15:16:39 - [MESSAGE][PASSED] - Object 'Object Repository/Pages/Restaurant Page/res_cell_first' is visible

2018-08-14 15:16:39 - [TEST_STEP][PASSED] - click: Object: 'Object Repository/Pages/Restaurant Page/btn_plus_restaurant' is clicked on

2018-08-14 15:16:39 - [MESSAGE][PASSED] - Object: 'Object Repository/Pages/Restaurant Page/btn_plus_restaurant' is clicked on

2018-08-14 15:16:39 - [TEST_STEP][PASSED] - waitForElementVisible: Object 'Object Repository/Pages/Restaurant Page/Add Restaurant/heading_add_restaurant' is visible

2018-08-14 15:16:39 - [MESSAGE][PASSED] - Object 'Object Repository/Pages/Restaurant Page/Add Restaurant/heading_add_restaurant' is visible

2018-08-14 15:16:39 - [TEST_STEP][PASSED] - verifyElementVisible: Object 'Object Repository/Pages/Restaurant Page/Add Restaurant/form_add_restaurant' is visible

2018-08-14 15:16:39 - [MESSAGE][PASSED] - Object 'Object Repository/Pages/Restaurant Page/Add Restaurant/form_add_restaurant' is visible

2018-08-14 15:16:39 - [TEST_STEP][PASSED] - click: Object: 'Object Repository/Pages/Restaurant Page/Add Restaurant/btn_dimiss_modal' is clicked on

2018-08-14 15:16:39 - [MESSAGE][PASSED] - Object: 'Object Repository/Pages/Restaurant Page/Add Restaurant/btn_dimiss_modal' is clicked on

2018-08-14 15:16:39 - [TEST_STEP][PASSED] - waitForElementNotVisible: Object 'Object Repository/Pages/Restaurant Page/Add Restaurant/form_add_restaurant' is NOT visible

2018-08-14 15:16:40 - [MESSAGE][PASSED] - Object 'Object Repository/Pages/Restaurant Page/Add Restaurant/form_add_restaurant' is NOT visible

2018-08-14 15:16:40 - [TEST_STEP][PASSED] - verifyElementNotVisible: Object 'Object Repository/Pages/Restaurant Page/Add Restaurant/form_add_restaurant' is NOT visible

2018-08-14 15:16:40 - [MESSAGE][PASSED] - Object 'Object Repository/Pages/Restaurant Page/Add Restaurant/form_add_restaurant' is NOT visible

2018-08-14 15:16:40 - [TEST_STEP][PASSED] - closeBrowser: Browser is closed

2018-08-14 15:16:40 - [MESSAGE][PASSED] - Browser is closed]]></system-out>
         <system-err><![CDATA[]]></system-err>
      </testcase>
      <testcase name="Test Cases/Tests/Restaurant Tests/TC_Restaurant_027" classname="Test Cases/Tests/Restaurant Tests/TC_Restaurant_027" status="PASSED">
         <system-out><![CDATA[2018-08-14 15:16:40 - [TEST_CASE][PASSED] - Test Cases/Tests/Restaurant Tests/TC_Restaurant_027: Test Cases/Tests/Restaurant Tests/TC_Restaurant_027

2018-08-14 15:16:40 - [TEST_STEP][PASSED] - callTestCase: Call Test Case 'Test Cases/Tests/Log In Tests/TC001_Log in_valid_user' successfully

2018-08-14 15:16:40 - [TEST_CASE][PASSED] - Test Cases/Tests/Log In Tests/TC001_Log in_valid_user: Test Cases/Tests/Log In Tests/TC001_Log in_valid_user

2018-08-14 15:16:40 - [TEST_STEP][PASSED] - openBrowser: Browser is opened with url: 'https://his-uat.digivalet.com/cms/dashboard/user/login'

2018-08-14 15:16:43 - [MESSAGE][PASSED] - Browser is opened with url: 'https://his-uat.digivalet.com/cms/dashboard/user/login'

2018-08-14 15:16:43 - [TEST_STEP][PASSED] - maximizeWindow: Current window maximized

2018-08-14 15:16:43 - [MESSAGE][PASSED] - Current window maximized

2018-08-14 15:16:43 - [TEST_STEP][PASSED] - waitForPageLoad: Wait for page load successfully

2018-08-14 15:16:43 - [MESSAGE][PASSED] - Wait for page load successfully

2018-08-14 15:16:43 - [TEST_STEP][PASSED] - setText: Text 'superadmin' is set on object 'Object Repository/Pages/Log In Page/input_username'

2018-08-14 15:16:43 - [MESSAGE][PASSED] - Text 'superadmin' is set on object 'Object Repository/Pages/Log In Page/input_username'

2018-08-14 15:16:43 - [TEST_STEP][PASSED] - setText: Text 'd7QUVg' is set on object 'Object Repository/Pages/Log In Page/input_password'

2018-08-14 15:16:43 - [MESSAGE][PASSED] - Text 'd7QUVg' is set on object 'Object Repository/Pages/Log In Page/input_password'

2018-08-14 15:16:43 - [TEST_STEP][PASSED] - click: Object: 'Object Repository/Pages/Log In Page/button_Login' is clicked on

2018-08-14 15:16:44 - [MESSAGE][PASSED] - Object: 'Object Repository/Pages/Log In Page/button_Login' is clicked on

2018-08-14 15:16:44 - [TEST_STEP][PASSED] - waitForPageLoad: Wait for page load successfully

2018-08-14 15:16:44 - [MESSAGE][PASSED] - Wait for page load successfully

2018-08-14 15:16:44 - [TEST_STEP][PASSED] - waitForElementNotPresent: Web element with id: 'Object Repository/Pages/Log In Page/button_Login' located by 'By.xpath: //*[@id='userlogin']//button' is not present after '20' second(s)

2018-08-14 15:16:48 - [MESSAGE][PASSED] - Web element with id: 'Object Repository/Pages/Log In Page/button_Login' located by 'By.xpath: //*[@id='userlogin']//button' is not present after '20' second(s)

2018-08-14 15:16:48 - [TEST_STEP][PASSED] - waitForElementVisible: Object 'Object Repository/Pages/TV Channels Page/heading_TV Channel' is visible

2018-08-14 15:16:49 - [MESSAGE][PASSED] - Object 'Object Repository/Pages/TV Channels Page/heading_TV Channel' is visible

2018-08-14 15:16:49 - [TEST_STEP][PASSED] - Statement - DashboardURL = com.kms.katalon.core.webui.keyword.WebUiBuiltInKeywords.getUrl(): Current window's url is: 'https://his-uat.digivalet.com/cms/tvchannel/manageTvchannel'

2018-08-14 15:16:49 - [MESSAGE][PASSED] - Current window's url is: 'https://his-uat.digivalet.com/cms/tvchannel/manageTvchannel'

2018-08-14 15:16:49 - [TEST_STEP][PASSED] - verifyMatch: Actual text 'https://his-uat.digivalet.com/cms/tvchannel/manageTvchannel' and expected text 'https://his-uat.digivalet.com/cms/tvchannel/manageTvchannel' are matched  using regular expression

2018-08-14 15:16:49 - [MESSAGE][PASSED] - Actual text 'https://his-uat.digivalet.com/cms/tvchannel/manageTvchannel' and expected text 'https://his-uat.digivalet.com/cms/tvchannel/manageTvchannel' are matched  using regular expression

2018-08-14 15:16:49 - [MESSAGE][PASSED] - Call Test Case 'Test Cases/Tests/Log In Tests/TC001_Log in_valid_user' successfully

2018-08-14 15:16:49 - [TEST_STEP][PASSED] - click: Object: 'Object Repository/Pages/Dashboard/a_Restaurants' is clicked on

2018-08-14 15:16:50 - [MESSAGE][PASSED] - Object: 'Object Repository/Pages/Dashboard/a_Restaurants' is clicked on

2018-08-14 15:16:50 - [TEST_STEP][PASSED] - waitForElementVisible: Object 'Object Repository/Pages/Restaurant Page/res_cell_first' is visible

2018-08-14 15:16:51 - [MESSAGE][PASSED] - Object 'Object Repository/Pages/Restaurant Page/res_cell_first' is visible

2018-08-14 15:16:51 - [TEST_STEP][PASSED] - verifyElementPresent: Object 'Object Repository/Pages/Restaurant Page/btn_publish' is present

2018-08-14 15:16:51 - [MESSAGE][WARNING] - Timeout '0' is invalid. Using default page load timeout: '30'

2018-08-14 15:16:51 - [MESSAGE][PASSED] - Object 'Object Repository/Pages/Restaurant Page/btn_publish' is present

2018-08-14 15:16:51 - [TEST_STEP][PASSED] - verifyElementVisible: Object 'Object Repository/Pages/Restaurant Page/btn_publish' is visible

2018-08-14 15:16:51 - [MESSAGE][PASSED] - Object 'Object Repository/Pages/Restaurant Page/btn_publish' is visible

2018-08-14 15:16:51 - [TEST_STEP][PASSED] - click: Object: 'Object Repository/Pages/Restaurant Page/btn_publish' is clicked on

2018-08-14 15:16:51 - [MESSAGE][PASSED] - Object: 'Object Repository/Pages/Restaurant Page/btn_publish' is clicked on

2018-08-14 15:16:51 - [TEST_STEP][PASSED] - verifyElementPresent: Object 'Object Repository/Pages/Restaurant Page/popup_push_update' is present

2018-08-14 15:16:51 - [MESSAGE][PASSED] - Object 'Object Repository/Pages/Restaurant Page/popup_push_update' is present

2018-08-14 15:16:51 - [TEST_STEP][PASSED] - verifyElementVisible: Object 'Object Repository/Pages/Restaurant Page/popup_push_update' is visible

2018-08-14 15:16:51 - [MESSAGE][PASSED] - Object 'Object Repository/Pages/Restaurant Page/popup_push_update' is visible

2018-08-14 15:16:51 - [TEST_STEP][PASSED] - verifyElementPresent: Object 'Object Repository/Pages/Restaurant Page/Push Update/label_now' is present

2018-08-14 15:16:51 - [MESSAGE][PASSED] - Object 'Object Repository/Pages/Restaurant Page/Push Update/label_now' is present

2018-08-14 15:16:51 - [TEST_STEP][PASSED] - verifyElementVisible: Object 'Object Repository/Pages/Restaurant Page/Push Update/label_now' is visible

2018-08-14 15:16:51 - [MESSAGE][PASSED] - Object 'Object Repository/Pages/Restaurant Page/Push Update/label_now' is visible

2018-08-14 15:16:51 - [TEST_STEP][PASSED] - verifyElementPresent: Object 'Object Repository/Pages/Restaurant Page/Push Update/label_later' is present

2018-08-14 15:16:51 - [MESSAGE][PASSED] - Object 'Object Repository/Pages/Restaurant Page/Push Update/label_later' is present

2018-08-14 15:16:51 - [TEST_STEP][PASSED] - verifyElementVisible: Object 'Object Repository/Pages/Restaurant Page/Push Update/label_later' is visible

2018-08-14 15:16:51 - [MESSAGE][PASSED] - Object 'Object Repository/Pages/Restaurant Page/Push Update/label_later' is visible

2018-08-14 15:16:51 - [TEST_STEP][PASSED] - verifyElementPresent: Object 'Object Repository/Pages/Restaurant Page/Push Update/label_in_all_rooms' is present

2018-08-14 15:16:51 - [MESSAGE][PASSED] - Object 'Object Repository/Pages/Restaurant Page/Push Update/label_in_all_rooms' is present

2018-08-14 15:16:51 - [TEST_STEP][PASSED] - verifyElementVisible: Object 'Object Repository/Pages/Restaurant Page/Push Update/label_in_all_rooms' is visible

2018-08-14 15:16:52 - [MESSAGE][PASSED] - Object 'Object Repository/Pages/Restaurant Page/Push Update/label_in_all_rooms' is visible

2018-08-14 15:16:52 - [TEST_STEP][PASSED] - verifyElementPresent: Object 'Object Repository/Pages/Restaurant Page/Push Update/label_custom' is present

2018-08-14 15:16:52 - [MESSAGE][PASSED] - Object 'Object Repository/Pages/Restaurant Page/Push Update/label_custom' is present

2018-08-14 15:16:52 - [TEST_STEP][PASSED] - verifyElementVisible: Object 'Object Repository/Pages/Restaurant Page/Push Update/label_custom' is visible

2018-08-14 15:16:52 - [MESSAGE][PASSED] - Object 'Object Repository/Pages/Restaurant Page/Push Update/label_custom' is visible

2018-08-14 15:16:52 - [TEST_STEP][PASSED] - verifyElementPresent: Object 'Object Repository/Pages/Restaurant Page/Push Update/btn_cancel' is present

2018-08-14 15:16:52 - [MESSAGE][PASSED] - Object 'Object Repository/Pages/Restaurant Page/Push Update/btn_cancel' is present

2018-08-14 15:16:52 - [TEST_STEP][PASSED] - verifyElementVisible: Object 'Object Repository/Pages/Restaurant Page/Push Update/btn_cancel' is visible

2018-08-14 15:16:52 - [MESSAGE][PASSED] - Object 'Object Repository/Pages/Restaurant Page/Push Update/btn_cancel' is visible

2018-08-14 15:16:52 - [TEST_STEP][PASSED] - verifyElementPresent: Object 'Object Repository/Pages/Restaurant Page/Push Update/btn_push' is present

2018-08-14 15:16:52 - [MESSAGE][PASSED] - Object 'Object Repository/Pages/Restaurant Page/Push Update/btn_push' is present

2018-08-14 15:16:52 - [TEST_STEP][PASSED] - verifyElementVisible: Object 'Object Repository/Pages/Restaurant Page/Push Update/btn_push' is visible

2018-08-14 15:16:52 - [MESSAGE][PASSED] - Object 'Object Repository/Pages/Restaurant Page/Push Update/btn_push' is visible

2018-08-14 15:16:52 - [TEST_STEP][PASSED] - closeBrowser: Browser is closed

2018-08-14 15:16:52 - [MESSAGE][PASSED] - Browser is closed]]></system-out>
         <system-err><![CDATA[]]></system-err>
      </testcase>
      <testcase name="Test Cases/Tests/Restaurant Tests/TC_Restaurant_028" classname="Test Cases/Tests/Restaurant Tests/TC_Restaurant_028" status="PASSED">
         <system-out><![CDATA[2018-08-14 15:16:52 - [TEST_CASE][PASSED] - Test Cases/Tests/Restaurant Tests/TC_Restaurant_028: Test Cases/Tests/Restaurant Tests/TC_Restaurant_028

2018-08-14 15:16:52 - [TEST_STEP][PASSED] - callTestCase: Call Test Case 'Test Cases/Tests/Log In Tests/TC001_Log in_valid_user' successfully

2018-08-14 15:16:52 - [TEST_CASE][PASSED] - Test Cases/Tests/Log In Tests/TC001_Log in_valid_user: Test Cases/Tests/Log In Tests/TC001_Log in_valid_user

2018-08-14 15:16:52 - [TEST_STEP][PASSED] - openBrowser: Browser is opened with url: 'https://his-uat.digivalet.com/cms/dashboard/user/login'

2018-08-14 15:16:54 - [MESSAGE][PASSED] - Browser is opened with url: 'https://his-uat.digivalet.com/cms/dashboard/user/login'

2018-08-14 15:16:54 - [TEST_STEP][PASSED] - maximizeWindow: Current window maximized

2018-08-14 15:16:54 - [MESSAGE][PASSED] - Current window maximized

2018-08-14 15:16:54 - [TEST_STEP][PASSED] - waitForPageLoad: Wait for page load successfully

2018-08-14 15:16:54 - [MESSAGE][PASSED] - Wait for page load successfully

2018-08-14 15:16:54 - [TEST_STEP][PASSED] - setText: Text 'superadmin' is set on object 'Object Repository/Pages/Log In Page/input_username'

2018-08-14 15:16:55 - [MESSAGE][PASSED] - Text 'superadmin' is set on object 'Object Repository/Pages/Log In Page/input_username'

2018-08-14 15:16:55 - [TEST_STEP][PASSED] - setText: Text 'd7QUVg' is set on object 'Object Repository/Pages/Log In Page/input_password'

2018-08-14 15:16:55 - [MESSAGE][PASSED] - Text 'd7QUVg' is set on object 'Object Repository/Pages/Log In Page/input_password'

2018-08-14 15:16:55 - [TEST_STEP][PASSED] - click: Object: 'Object Repository/Pages/Log In Page/button_Login' is clicked on

2018-08-14 15:16:55 - [MESSAGE][PASSED] - Object: 'Object Repository/Pages/Log In Page/button_Login' is clicked on

2018-08-14 15:16:55 - [TEST_STEP][PASSED] - waitForPageLoad: Wait for page load successfully

2018-08-14 15:16:55 - [MESSAGE][PASSED] - Wait for page load successfully

2018-08-14 15:16:55 - [TEST_STEP][PASSED] - waitForElementNotPresent: Web element with id: 'Object Repository/Pages/Log In Page/button_Login' located by 'By.xpath: //*[@id='userlogin']//button' is not present after '20' second(s)

2018-08-14 15:17:00 - [MESSAGE][PASSED] - Web element with id: 'Object Repository/Pages/Log In Page/button_Login' located by 'By.xpath: //*[@id='userlogin']//button' is not present after '20' second(s)

2018-08-14 15:17:00 - [TEST_STEP][PASSED] - waitForElementVisible: Object 'Object Repository/Pages/TV Channels Page/heading_TV Channel' is visible

2018-08-14 15:17:00 - [MESSAGE][PASSED] - Object 'Object Repository/Pages/TV Channels Page/heading_TV Channel' is visible

2018-08-14 15:17:00 - [TEST_STEP][PASSED] - Statement - DashboardURL = com.kms.katalon.core.webui.keyword.WebUiBuiltInKeywords.getUrl(): Current window's url is: 'https://his-uat.digivalet.com/cms/tvchannel/manageTvchannel'

2018-08-14 15:17:00 - [MESSAGE][PASSED] - Current window's url is: 'https://his-uat.digivalet.com/cms/tvchannel/manageTvchannel'

2018-08-14 15:17:00 - [TEST_STEP][PASSED] - verifyMatch: Actual text 'https://his-uat.digivalet.com/cms/tvchannel/manageTvchannel' and expected text 'https://his-uat.digivalet.com/cms/tvchannel/manageTvchannel' are matched  using regular expression

2018-08-14 15:17:00 - [MESSAGE][PASSED] - Actual text 'https://his-uat.digivalet.com/cms/tvchannel/manageTvchannel' and expected text 'https://his-uat.digivalet.com/cms/tvchannel/manageTvchannel' are matched  using regular expression

2018-08-14 15:17:00 - [MESSAGE][PASSED] - Call Test Case 'Test Cases/Tests/Log In Tests/TC001_Log in_valid_user' successfully

2018-08-14 15:17:00 - [TEST_STEP][PASSED] - click: Object: 'Object Repository/Pages/Dashboard/a_Restaurants' is clicked on

2018-08-14 15:17:01 - [MESSAGE][PASSED] - Object: 'Object Repository/Pages/Dashboard/a_Restaurants' is clicked on

2018-08-14 15:17:01 - [TEST_STEP][PASSED] - waitForElementVisible: Object 'Object Repository/Pages/Restaurant Page/res_cell_first' is visible

2018-08-14 15:17:02 - [MESSAGE][PASSED] - Object 'Object Repository/Pages/Restaurant Page/res_cell_first' is visible

2018-08-14 15:17:02 - [TEST_STEP][PASSED] - click: Object: 'Object Repository/Pages/Restaurant Page/btn_publish' is clicked on

2018-08-14 15:17:03 - [MESSAGE][PASSED] - Object: 'Object Repository/Pages/Restaurant Page/btn_publish' is clicked on

2018-08-14 15:17:03 - [TEST_STEP][PASSED] - waitForElementVisible: Object 'Object Repository/Pages/Restaurant Page/Push Update/title_peform_push_update' is visible

2018-08-14 15:17:03 - [MESSAGE][PASSED] - Object 'Object Repository/Pages/Restaurant Page/Push Update/title_peform_push_update' is visible

2018-08-14 15:17:03 - [TEST_STEP][PASSED] - delay: Delayed 1 second(s)

2018-08-14 15:17:04 - [MESSAGE][PASSED] - Delayed 1 second(s)

2018-08-14 15:17:04 - [TEST_STEP][PASSED] - click: Object: 'Object Repository/Pages/Restaurant Page/Push Update/checkbox_later' is clicked on

2018-08-14 15:17:04 - [MESSAGE][PASSED] - Object: 'Object Repository/Pages/Restaurant Page/Push Update/checkbox_later' is clicked on

2018-08-14 15:17:04 - [TEST_STEP][PASSED] - verifyElementPresent: Object 'Object Repository/Pages/Restaurant Page/Push Update/label_Schedule_date' is present

2018-08-14 15:17:04 - [MESSAGE][PASSED] - Object 'Object Repository/Pages/Restaurant Page/Push Update/label_Schedule_date' is present

2018-08-14 15:17:04 - [TEST_STEP][PASSED] - verifyElementVisible: Object 'Object Repository/Pages/Restaurant Page/Push Update/label_Schedule_date' is visible

2018-08-14 15:17:04 - [MESSAGE][PASSED] - Object 'Object Repository/Pages/Restaurant Page/Push Update/label_Schedule_date' is visible

2018-08-14 15:17:04 - [TEST_STEP][PASSED] - verifyElementPresent: Object 'Object Repository/Pages/Restaurant Page/Push Update/label_Schedule_time' is present

2018-08-14 15:17:04 - [MESSAGE][PASSED] - Object 'Object Repository/Pages/Restaurant Page/Push Update/label_Schedule_time' is present

2018-08-14 15:17:04 - [TEST_STEP][PASSED] - verifyElementVisible: Object 'Object Repository/Pages/Restaurant Page/Push Update/label_Schedule_time' is visible

2018-08-14 15:17:04 - [MESSAGE][PASSED] - Object 'Object Repository/Pages/Restaurant Page/Push Update/label_Schedule_time' is visible

2018-08-14 15:17:04 - [TEST_STEP][PASSED] - closeBrowser: Browser is closed

2018-08-14 15:17:04 - [MESSAGE][PASSED] - Browser is closed]]></system-out>
         <system-err><![CDATA[]]></system-err>
      </testcase>
      <system-out><![CDATA[2018-08-14 15:02:18 - [TEST_SUITE][FAILED] - Restaurant Tests: Test Cases/Tests/Restaurant Tests/TC_Restaurant_007 FAILED because (of) Unable to click on object 'Object Repository/Pages/Restaurant Page/menu_3_dot_rest2' (Root cause: com.kms.katalon.core.webui.exception.WebElementNotFoundException: Web element with id: 'Object Repository/Pages/Restaurant Page/menu_3_dot_rest2' located by 'By.xpath: //div[@data-catname='automation test edited']/div/div[2]/div[3]' not found)]]></system-out>
      <system-err><![CDATA[2018-08-14 15:02:18 - [TEST_SUITE][FAILED] - Restaurant Tests: Test Cases/Tests/Restaurant Tests/TC_Restaurant_007 FAILED because (of) Unable to click on object 'Object Repository/Pages/Restaurant Page/menu_3_dot_rest2' (Root cause: com.kms.katalon.core.webui.exception.WebElementNotFoundException: Web element with id: 'Object Repository/Pages/Restaurant Page/menu_3_dot_rest2' located by 'By.xpath: //div[@data-catname='automation test edited']/div/div[2]/div[3]' not found)]]></system-err>
   </testsuite>
</testsuites>
